
Gurobi 10.0.0 (win64) logging started Thu Jun  8 21:37:52 2023

Set parameter LogFile to value "myopic\output\scenario_base.log"
Gurobi Optimizer version 10.0.0 build v10.0.0rc2 (win64)

CPU model: Intel(R) Core(TM) i5-6200U CPU @ 2.30GHz, instruction set [SSE2|AVX|AVX2]
Thread count: 2 physical cores, 4 logical processors, using up to 4 threads

Optimize a model with 893585 rows, 770920 columns and 2202133 nonzeros
Model fingerprint: 0xa934c1c2
Coefficient statistics:
  Matrix range     [1e-06, 6e+05]
  Objective range  [1e+00, 1e+00]
  Bounds range     [0e+00, 0e+00]
  RHS range        [3e-03, 1e+09]
Presolve removed 748343 rows and 555593 columns
Presolve time: 3.95s
Presolved: 145242 rows, 215327 columns, 556563 nonzeros

Concurrent LP optimizer: dual simplex and barrier
Showing barrier log only...

Ordering time: 0.08s

Barrier statistics:
 Dense cols : 9
 AA' NZ     : 3.675e+05
 Factor NZ  : 1.977e+06 (roughly 160 MB of memory)
 Factor Ops : 3.365e+07 (less than 1 second per iteration)
 Threads    : 1

                  Objective                Residual
Iter       Primal          Dual         Primal    Dual     Compl     Time
   0   1.02581761e+16 -1.68451623e+15  3.27e+12 0.00e+00  1.96e+12     5s
   1   9.28118221e+15 -1.55540180e+15  2.95e+12 4.31e+03  1.48e+12     5s
   2   7.58486825e+15 -1.47245474e+15  2.42e+12 1.66e+03  1.14e+12     5s
   3   1.65820831e+15 -1.40147512e+15  4.98e+11 1.64e+02  2.46e+11     6s
   4   4.87498097e+14 -1.22293708e+15  1.24e+11 5.04e+01  6.32e+10     6s
   5   3.91257885e+14 -1.02512220e+15  9.37e+10 3.10e+01  4.76e+10     6s
   6   2.60809839e+14 -8.24113755e+14  5.34e+10 1.77e+01  2.74e+10     6s
   7   1.21544915e+14 -6.62931663e+14  1.29e+10 1.07e+01  7.85e+09     7s
   8   5.02271244e+13 -1.69456705e+14  1.26e+09 1.24e+00  1.01e+09     7s
   9   1.45715737e+13 -8.10051078e+13  1.23e+08 4.42e-01  2.46e+08     7s
  10   8.77539172e+12 -4.65756631e+13  5.33e+07 2.32e-01  1.31e+08     8s
  11   4.49533579e+12 -2.52036507e+13  2.01e+07 1.10e-01  6.58e+07     8s
  12   1.06129509e+12 -7.66340915e+12  3.16e+06 1.74e-02  1.82e+07     8s
  13   5.85413551e+11 -3.20324013e+12  1.52e+06 1.81e-03  7.84e+06     9s
  14   1.75913523e+11 -6.95187940e+11  1.37e+05 2.61e-08  1.78e+06     9s
  15   1.40579507e+11 -2.51628840e+11  4.01e+04 6.76e-09  8.00e+05     9s
  16   8.07135872e+10 -9.95281850e+10  3.61e+01 2.65e-09  3.67e+05    10s
  17   5.34698520e+10 -8.32949811e+10  2.09e+01 2.24e-09  2.78e+05    10s
  18   2.93438497e+10 -2.09270168e+10  8.99e+00 7.52e-10  1.02e+05    10s
  19   1.61409720e+10 -1.77200551e+10  2.57e+00 6.76e-10  6.88e+04    11s
  20   1.33416012e+10 -5.41332817e+09  1.83e+00 3.42e-10  3.81e+04    11s
  21   7.49577069e+09  3.95161984e+08  4.64e-01 2.06e-10  1.44e+04    11s
  22   6.07710914e+09  3.33206086e+09  1.88e-01 6.68e-11  5.58e+03    12s
  23   5.60448868e+09  3.92560949e+09  1.09e-01 4.22e-11  3.41e+03    12s
  24   5.40177035e+09  4.24303989e+09  7.55e-02 2.80e-11  2.36e+03    12s
  25   5.23731449e+09  4.48523490e+09  4.93e-02 2.54e-11  1.53e+03    13s
  26   5.16539029e+09  4.68488032e+09  3.81e-02 1.12e-07  9.77e+02    13s
  27   5.11741485e+09  4.71835166e+09  3.05e-02 3.58e-07  8.11e+02    13s
  28   5.04949584e+09  4.75814687e+09  2.04e-02 6.31e-07  5.92e+02    14s
  29   5.01393367e+09  4.82106023e+09  1.50e-02 8.60e-07  3.92e+02    14s
  30   4.97705767e+09  4.85168100e+09  8.92e-03 8.97e-07  2.55e+02    15s
  31   4.95612164e+09  4.87703351e+09  5.40e-03 7.95e-07  1.61e+02    15s
  32   4.94225380e+09  4.88784675e+09  3.09e-03 6.97e-07  1.11e+02    16s
  33   4.93730674e+09  4.89421451e+09  2.33e-03 6.00e-07  8.76e+01    16s
  34   4.93629638e+09  4.89868178e+09  2.18e-03 5.44e-07  7.65e+01    16s
  35   4.93300105e+09  4.90222296e+09  1.71e-03 5.11e-07  6.26e+01    17s
  36   4.92995658e+09  4.90549101e+09  1.25e-03 4.70e-07  4.97e+01    17s
  37   4.92760743e+09  4.91244201e+09  9.10e-04 2.98e-07  3.08e+01    17s
  38   4.92588349e+09  4.91649275e+09  6.57e-04 1.49e-07  1.91e+01    18s
  39   4.92521002e+09  4.91730002e+09  5.62e-04 1.17e-07  1.61e+01    18s
  40   4.92427594e+09  4.91823014e+09  4.17e-04 1.06e-07  1.23e+01    19s
  41   4.92408509e+09  4.91870839e+09  3.86e-04 9.96e-08  1.09e+01    19s
  42   4.92380088e+09  4.91889995e+09  3.41e-04 9.68e-08  9.97e+00    19s
  43   4.92373101e+09  4.91900743e+09  3.30e-04 9.46e-08  9.61e+00    20s
  44   4.92338650e+09  4.91950549e+09  2.78e-04 8.45e-08  7.89e+00    20s
  45   4.92318913e+09  4.91967456e+09  2.48e-04 7.99e-08  7.15e+00    20s
  46   4.92270327e+09  4.92013007e+09  1.66e-04 6.03e-08  5.23e+00    21s
  47   4.92238689e+09  4.92042290e+09  1.13e-04 4.72e-08  3.99e+00    22s
  48   4.92223787e+09  4.92060160e+09  9.00e-05 4.26e-08  3.33e+00    22s
  49   4.92210538e+09  4.92086296e+09  6.96e-05 3.92e-08  2.53e+00    22s
  50   4.92201041e+09  4.92102748e+09  5.43e-05 4.14e-08  2.00e+00    23s
  51   4.92190526e+09  4.92115103e+09  3.76e-05 4.15e-08  1.53e+00    24s
  52   4.92183751e+09  4.92134702e+09  2.75e-05 2.37e-08  9.98e-01    24s
  53   4.92179684e+09  4.92139336e+09  2.15e-05 1.74e-08  8.21e-01    24s
  54   4.92179006e+09  4.92141752e+09  2.05e-05 1.58e-08  7.58e-01    25s
  55   4.92177213e+09  4.92143964e+09  1.77e-05 1.55e-08  6.77e-01    26s
  56   4.92175156e+09  4.92146077e+09  1.46e-05 1.12e-08  5.92e-01    26s
  57   4.92173713e+09  4.92148737e+09  1.25e-05 8.88e-09  5.08e-01    27s
  58   4.92173360e+09  4.92149272e+09  1.19e-05 7.64e-09  4.90e-01    27s
  59   4.92172514e+09  4.92153983e+09  1.06e-05 2.19e-09  3.77e-01    28s
  60   4.92170037e+09  4.92155660e+09  6.86e-06 2.12e-09  2.93e-01    28s
  61   4.92169714e+09  4.92157177e+09  6.39e-06 2.36e-09  2.55e-01    29s
  62   4.92168289e+09  4.92158693e+09  4.20e-06 2.22e-09  1.95e-01    29s
  63   4.92168124e+09  4.92159013e+09  3.97e-06 2.30e-09  1.85e-01    30s
  64   4.92168043e+09  4.92159832e+09  3.84e-06 2.27e-09  1.67e-01    30s
  65   4.92166940e+09  4.92160739e+09  5.28e-06 2.12e-09  1.26e-01    31s
  66   4.92166876e+09  4.92161312e+09  4.82e-06 2.00e-09  1.13e-01    32s
  67   4.92166545e+09  4.92162041e+09  3.72e-06 1.70e-09  9.17e-02    32s
  68   4.92166313e+09  4.92162244e+09  2.79e-06 1.71e-09  8.28e-02    33s
  69   4.92165864e+09  4.92164305e+09  1.11e-06 4.47e-09  3.17e-02    34s
  70   4.92165653e+09  4.92165182e+09  1.77e-06 2.07e-08  9.59e-03    34s
  71   4.92165571e+09  4.92165328e+09  1.02e-06 3.30e-08  4.95e-03    35s
  72   4.92165539e+09  4.92165413e+09  6.87e-07 2.39e-08  2.57e-03    35s
  73   4.92165521e+09  4.92165457e+09  9.44e-07 1.42e-08  1.31e-03    35s
  74   4.92165505e+09  4.92165474e+09  8.56e-07 9.16e-09  6.29e-04    36s
  75   4.92165499e+09  4.92165480e+09  9.01e-07 5.24e-09  3.97e-04    36s
  76   4.92165489e+09  4.92165482e+09  6.66e-07 3.72e-09  1.47e-04    36s
  77   4.92165488e+09  4.92165482e+09  4.20e-07 3.44e-09  1.16e-04    37s
  78   4.92165486e+09  4.92165483e+09  7.15e-07 1.78e-09  5.09e-05    38s
  79   4.92165486e+09  4.92165483e+09  7.50e-07 1.67e-09  4.72e-05    38s

Barrier solved model in 79 iterations and 38.02 seconds (8.78 work units)
Optimal objective 4.92165486e+09

Crossover log...

   40210 DPushes remaining with DInf 0.0000000e+00                38s
       0 DPushes remaining with DInf 0.0000000e+00                40s
Warning: Markowitz tolerance tightened to 0.5

  139456 PPushes remaining with PInf 0.0000000e+00                40s
   29876 PPushes remaining with PInf 2.2153220e-02                41s
       0 PPushes remaining with PInf 0.0000000e+00                43s

  Push phase complete: Pinf 0.0000000e+00, Dinf 1.0007081e+05     43s

Iteration    Objective       Primal Inf.    Dual Inf.      Time
  154305    4.9216548e+09   0.000000e+00   1.000708e+05     44s
  156255    4.9216548e+09   0.000000e+00   3.738726e-03     45s

Solved with barrier
Extra simplex iterations after uncrush: 3
  156511    4.9216548e+09   0.000000e+00   0.000000e+00     48s

Solved in 156511 iterations and 48.36 seconds (13.29 work units)
Optimal objective  4.921654839e+09

Gurobi 10.0.0 (win64) logging started Fri Jun  9 01:22:26 2023

Set parameter LogFile to value "myopic\output\scenario_base.log"
Gurobi Optimizer version 10.0.0 build v10.0.0rc2 (win64)

CPU model: Intel(R) Core(TM) i5-6200U CPU @ 2.30GHz, instruction set [SSE2|AVX|AVX2]
Thread count: 2 physical cores, 4 logical processors, using up to 4 threads

Optimize a model with 893585 rows, 770920 columns and 2202133 nonzeros
Model fingerprint: 0xa934c1c2
Coefficient statistics:
  Matrix range     [1e-06, 6e+05]
  Objective range  [1e+00, 1e+00]
  Bounds range     [0e+00, 0e+00]
  RHS range        [3e-03, 1e+09]
Presolve removed 748343 rows and 555593 columns
Presolve time: 3.31s
Presolved: 145242 rows, 215327 columns, 556563 nonzeros

Concurrent LP optimizer: dual simplex and barrier
Showing barrier log only...

Ordering time: 0.10s

Barrier statistics:
 Dense cols : 9
 AA' NZ     : 3.675e+05
 Factor NZ  : 1.977e+06 (roughly 160 MB of memory)
 Factor Ops : 3.365e+07 (less than 1 second per iteration)
 Threads    : 1

                  Objective                Residual
Iter       Primal          Dual         Primal    Dual     Compl     Time
   0   1.02581761e+16 -1.68451623e+15  3.27e+12 0.00e+00  1.96e+12     4s
   1   9.28118221e+15 -1.55540180e+15  2.95e+12 4.31e+03  1.48e+12     4s
   2   7.58486825e+15 -1.47245474e+15  2.42e+12 1.66e+03  1.14e+12     5s
   3   1.65820831e+15 -1.40147512e+15  4.98e+11 1.64e+02  2.46e+11     5s
   4   4.87498097e+14 -1.22293708e+15  1.24e+11 5.04e+01  6.32e+10     5s
   5   3.91257885e+14 -1.02512220e+15  9.37e+10 3.10e+01  4.76e+10     5s
   6   2.60809839e+14 -8.24113755e+14  5.34e+10 1.77e+01  2.74e+10     6s
   7   1.21544915e+14 -6.62931663e+14  1.29e+10 1.07e+01  7.85e+09     6s
   8   5.02271244e+13 -1.69456705e+14  1.26e+09 1.24e+00  1.01e+09     6s
   9   1.45715737e+13 -8.10051078e+13  1.23e+08 4.42e-01  2.46e+08     7s
  10   8.77539172e+12 -4.65756631e+13  5.33e+07 2.32e-01  1.31e+08     7s
  11   4.49533579e+12 -2.52036507e+13  2.01e+07 1.10e-01  6.58e+07     8s
  12   1.06129509e+12 -7.66340915e+12  3.16e+06 1.74e-02  1.82e+07     8s
  13   5.85413551e+11 -3.20324013e+12  1.52e+06 1.81e-03  7.84e+06     8s
  14   1.75913523e+11 -6.95187940e+11  1.37e+05 2.61e-08  1.78e+06     9s
  15   1.40579507e+11 -2.51628840e+11  4.01e+04 6.76e-09  8.00e+05     9s
  16   8.07135872e+10 -9.95281850e+10  3.61e+01 2.65e-09  3.67e+05     9s
  17   5.34698520e+10 -8.32949811e+10  2.09e+01 2.24e-09  2.78e+05     9s
  18   2.93438497e+10 -2.09270168e+10  8.99e+00 7.52e-10  1.02e+05    10s
  19   1.61409720e+10 -1.77200551e+10  2.57e+00 6.76e-10  6.88e+04    10s
  20   1.33416012e+10 -5.41332817e+09  1.83e+00 3.42e-10  3.81e+04    10s
  21   7.49577069e+09  3.95161984e+08  4.64e-01 2.06e-10  1.44e+04    11s
  22   6.07710914e+09  3.33206086e+09  1.88e-01 6.68e-11  5.58e+03    11s
  23   5.60448868e+09  3.92560949e+09  1.09e-01 4.22e-11  3.41e+03    11s
  24   5.40177035e+09  4.24303989e+09  7.55e-02 2.80e-11  2.36e+03    12s
  25   5.23731449e+09  4.48523490e+09  4.93e-02 2.54e-11  1.53e+03    12s
  26   5.16539029e+09  4.68488032e+09  3.81e-02 1.12e-07  9.77e+02    12s
  27   5.11741485e+09  4.71835166e+09  3.05e-02 3.58e-07  8.11e+02    13s
  28   5.04949584e+09  4.75814687e+09  2.04e-02 6.31e-07  5.92e+02    13s
  29   5.01393367e+09  4.82106023e+09  1.50e-02 8.60e-07  3.92e+02    13s
  30   4.97705767e+09  4.85168100e+09  8.92e-03 8.97e-07  2.55e+02    14s
  31   4.95612164e+09  4.87703351e+09  5.40e-03 7.95e-07  1.61e+02    14s
  32   4.94225380e+09  4.88784675e+09  3.09e-03 6.97e-07  1.11e+02    14s
  33   4.93730674e+09  4.89421451e+09  2.33e-03 6.00e-07  8.76e+01    15s
  34   4.93629638e+09  4.89868178e+09  2.18e-03 5.44e-07  7.65e+01    15s
  35   4.93300105e+09  4.90222296e+09  1.71e-03 5.11e-07  6.26e+01    15s
  36   4.92995658e+09  4.90549101e+09  1.25e-03 4.70e-07  4.97e+01    16s
  37   4.92760743e+09  4.91244201e+09  9.10e-04 2.98e-07  3.08e+01    16s
  38   4.92588349e+09  4.91649275e+09  6.57e-04 1.49e-07  1.91e+01    16s
  39   4.92521002e+09  4.91730002e+09  5.62e-04 1.17e-07  1.61e+01    17s
  40   4.92427594e+09  4.91823014e+09  4.17e-04 1.06e-07  1.23e+01    17s
  41   4.92408509e+09  4.91870839e+09  3.86e-04 9.96e-08  1.09e+01    18s
  42   4.92380088e+09  4.91889995e+09  3.41e-04 9.68e-08  9.97e+00    18s
  43   4.92373101e+09  4.91900743e+09  3.30e-04 9.46e-08  9.61e+00    18s
  44   4.92338650e+09  4.91950549e+09  2.78e-04 8.45e-08  7.89e+00    19s
  45   4.92318913e+09  4.91967456e+09  2.48e-04 7.99e-08  7.15e+00    19s
  46   4.92270327e+09  4.92013007e+09  1.66e-04 6.03e-08  5.23e+00    19s
  47   4.92238689e+09  4.92042290e+09  1.13e-04 4.72e-08  3.99e+00    20s
  48   4.92223787e+09  4.92060160e+09  9.00e-05 4.26e-08  3.33e+00    20s
  49   4.92210538e+09  4.92086296e+09  6.96e-05 3.92e-08  2.53e+00    21s
  50   4.92201041e+09  4.92102748e+09  5.43e-05 4.14e-08  2.00e+00    21s
  51   4.92190526e+09  4.92115103e+09  3.76e-05 4.15e-08  1.53e+00    21s
  52   4.92183751e+09  4.92134702e+09  2.75e-05 2.37e-08  9.98e-01    22s
  53   4.92179684e+09  4.92139336e+09  2.15e-05 1.74e-08  8.21e-01    22s
  54   4.92179006e+09  4.92141752e+09  2.05e-05 1.58e-08  7.58e-01    23s
  55   4.92177213e+09  4.92143964e+09  1.77e-05 1.55e-08  6.77e-01    23s
  56   4.92175156e+09  4.92146077e+09  1.46e-05 1.12e-08  5.92e-01    24s
  57   4.92173713e+09  4.92148737e+09  1.25e-05 8.88e-09  5.08e-01    24s
  58   4.92173360e+09  4.92149272e+09  1.19e-05 7.64e-09  4.90e-01    24s
  59   4.92172514e+09  4.92153983e+09  1.06e-05 2.19e-09  3.77e-01    25s
  60   4.92170037e+09  4.92155660e+09  6.86e-06 2.12e-09  2.93e-01    25s
  61   4.92169714e+09  4.92157177e+09  6.39e-06 2.36e-09  2.55e-01    26s
  62   4.92168289e+09  4.92158693e+09  4.20e-06 2.22e-09  1.95e-01    26s
  63   4.92168124e+09  4.92159013e+09  3.97e-06 2.30e-09  1.85e-01    26s
  64   4.92168043e+09  4.92159832e+09  3.84e-06 2.27e-09  1.67e-01    27s
  65   4.92166940e+09  4.92160739e+09  5.28e-06 2.12e-09  1.26e-01    27s
  66   4.92166876e+09  4.92161312e+09  4.82e-06 2.00e-09  1.13e-01    27s
  67   4.92166545e+09  4.92162041e+09  3.72e-06 1.70e-09  9.17e-02    28s
  68   4.92166313e+09  4.92162244e+09  2.79e-06 1.71e-09  8.28e-02    28s
  69   4.92165864e+09  4.92164305e+09  1.11e-06 4.47e-09  3.17e-02    29s
  70   4.92165653e+09  4.92165182e+09  1.77e-06 2.07e-08  9.59e-03    29s
  71   4.92165571e+09  4.92165328e+09  1.02e-06 3.30e-08  4.95e-03    29s
  72   4.92165539e+09  4.92165413e+09  6.87e-07 2.39e-08  2.57e-03    29s
  73   4.92165521e+09  4.92165457e+09  9.44e-07 1.42e-08  1.31e-03    30s
  74   4.92165505e+09  4.92165474e+09  8.56e-07 9.16e-09  6.29e-04    30s
  75   4.92165499e+09  4.92165480e+09  9.01e-07 5.24e-09  3.97e-04    30s
  76   4.92165489e+09  4.92165482e+09  6.66e-07 3.72e-09  1.47e-04    30s
  77   4.92165488e+09  4.92165482e+09  4.20e-07 3.44e-09  1.16e-04    31s
  78   4.92165486e+09  4.92165483e+09  7.15e-07 1.78e-09  5.09e-05    31s
  79   4.92165486e+09  4.92165483e+09  7.50e-07 1.67e-09  4.72e-05    31s

Barrier solved model in 79 iterations and 31.37 seconds (8.78 work units)
Optimal objective 4.92165486e+09

Crossover log...

   40210 DPushes remaining with DInf 0.0000000e+00                32s
       0 DPushes remaining with DInf 0.0000000e+00                33s
Warning: Markowitz tolerance tightened to 0.5

  139456 PPushes remaining with PInf 0.0000000e+00                33s
    1879 PPushes remaining with PInf 1.2083082e-05                35s
       0 PPushes remaining with PInf 0.0000000e+00                36s

  Push phase complete: Pinf 0.0000000e+00, Dinf 1.0007081e+05     36s

Iteration    Objective       Primal Inf.    Dual Inf.      Time
  154305    4.9216548e+09   0.000000e+00   1.000708e+05     36s

Solved with barrier
Extra simplex iterations after uncrush: 3
  156511    4.9216548e+09   0.000000e+00   0.000000e+00     40s

Solved in 156511 iterations and 39.95 seconds (13.29 work units)
Optimal objective  4.921654839e+09

Gurobi 10.0.0 (win64) logging started Fri Jun  9 01:27:21 2023

Set parameter LogFile to value "myopic\output\scenario_base.log"
Gurobi Optimizer version 10.0.0 build v10.0.0rc2 (win64)

CPU model: Intel(R) Core(TM) i5-6200U CPU @ 2.30GHz, instruction set [SSE2|AVX|AVX2]
Thread count: 2 physical cores, 4 logical processors, using up to 4 threads

Optimize a model with 893585 rows, 770920 columns and 2202133 nonzeros
Model fingerprint: 0x917c52a7
Coefficient statistics:
  Matrix range     [1e-06, 6e+05]
  Objective range  [1e+00, 1e+00]
  Bounds range     [0e+00, 0e+00]
  RHS range        [2e-03, 5e+08]
Presolve removed 739583 rows and 555592 columns
Presolve time: 2.19s
Presolved: 154002 rows, 215328 columns, 574083 nonzeros

Concurrent LP optimizer: dual simplex and barrier
Showing barrier log only...

Ordering time: 0.07s

Barrier statistics:
 Dense cols : 10
 AA' NZ     : 3.763e+05
 Factor NZ  : 2.212e+06 (roughly 170 MB of memory)
 Factor Ops : 3.883e+07 (less than 1 second per iteration)
 Threads    : 1

                  Objective                Residual
Iter       Primal          Dual         Primal    Dual     Compl     Time
   0   1.61482649e+15 -4.05445951e+15  4.87e+11 3.64e-12  5.98e+11     3s
   1   1.48488525e+15 -3.50312625e+15  4.49e+11 1.20e+04  4.73e+11     3s
   2   1.25210348e+15 -2.99438630e+15  3.77e+11 6.31e+03  3.84e+11     3s
   3   3.78514116e+14 -2.37377893e+15  9.47e+10 1.33e+03  1.08e+11     4s
   4   1.24044547e+14 -1.48280980e+15  8.53e+09 2.55e+02  1.26e+10     4s
   5   8.45206753e+13 -6.18012755e+14  6.58e+08 8.29e+01  2.21e+09     4s
   6   5.33734398e+13 -9.42359946e+13  1.19e+08 1.33e+01  4.07e+08     4s
   7   7.80828773e+12 -2.83142028e+13  7.36e+06 3.34e+00  8.43e+07     5s
   8   3.39563571e+12 -7.07440140e+12  2.19e+06 7.07e-01  2.30e+07     5s
   9   1.91032081e+12 -5.31701076e+12  1.11e+06 5.14e-01  1.55e+07     6s
  10   1.25144061e+12 -3.53772727e+12  6.85e+05 3.30e-01  1.00e+07     6s
  11   4.76010729e+11 -2.14264694e+12  2.07e+05 1.84e-01  5.32e+06     6s
  12   2.09184882e+11 -8.48093832e+11  7.29e+04 4.90e-02  2.11e+06     7s
  13   1.17060280e+11 -4.37242161e+11  3.35e+04 1.37e-02  1.10e+06     7s
  14   9.27799396e+10 -1.61469680e+11  2.48e+04 1.21e-02  5.06e+05     7s
  15   8.12498931e+10 -9.45169017e+10  2.06e+04 2.18e-09  3.51e+05     8s
  16   4.03700196e+10 -4.33137262e+10  8.01e+03 2.56e-09  1.67e+05     8s
  17   2.84042645e+10 -1.73865350e+10  4.60e+03 9.60e-10  9.11e+04     8s
  18   1.58227461e+10 -1.75501939e+08  1.28e+03 3.96e-10  3.17e+04     9s
  19   1.25604068e+10  7.11363774e+09  5.40e+02 7.53e-11  1.08e+04     9s
  20   1.11892862e+10  8.19913885e+09  2.71e+02 1.80e-10  5.89e+03    10s
  21   1.09447036e+10  8.70274666e+09  2.22e+02 1.07e-10  4.42e+03    10s
  22   1.07050065e+10  9.05714070e+09  1.74e+02 1.04e-10  3.24e+03    10s
  23   1.05397075e+10  9.33300268e+09  1.46e+02 7.09e-11  2.37e+03    11s
  24   1.04742664e+10  9.38175551e+09  1.33e+02 9.54e-11  2.15e+03    11s
  25   1.03565306e+10  9.46855916e+09  1.12e+02 6.18e-11  1.75e+03    11s
  26   1.02130826e+10  9.55050568e+09  8.49e+01 1.13e-10  1.30e+03    12s
  27   1.01422215e+10  9.60437879e+09  7.13e+01 1.23e-07  1.06e+03    12s
  28   1.01105445e+10  9.61725144e+09  6.50e+01 1.80e-07  9.69e+02    13s
  29   1.00619148e+10  9.63827277e+09  5.52e+01 2.64e-07  8.32e+02    13s
  30   1.00200158e+10  9.65307172e+09  4.66e+01 3.28e-07  7.21e+02    14s
  31   9.99525967e+09  9.69150313e+09  4.11e+01 4.83e-07  5.97e+02    14s
  32   9.95851736e+09  9.70688144e+09  3.37e+01 6.51e-07  4.94e+02    14s
  33   9.93445693e+09  9.72804605e+09  2.87e+01 7.56e-07  4.05e+02    15s
  34   9.92431994e+09  9.73185036e+09  2.65e+01 8.35e-07  3.78e+02    15s
  35   9.90232506e+09  9.74832224e+09  2.21e+01 9.52e-07  3.02e+02    16s
  36   9.88472073e+09  9.75836804e+09  1.81e+01 9.29e-07  2.48e+02    16s
  37   9.86760709e+09  9.76228744e+09  1.44e+01 9.47e-07  2.07e+02    17s
  38   9.86170030e+09  9.76918206e+09  1.32e+01 1.11e-06  1.82e+02    17s
  39   9.85802605e+09  9.77330010e+09  1.24e+01 1.11e-06  1.66e+02    18s
  40   9.85116825e+09  9.78040828e+09  1.08e+01 1.12e-06  1.39e+02    18s
  41   9.84455557e+09  9.78352661e+09  9.35e+00 1.13e-06  1.20e+02    19s
  42   9.83882742e+09  9.78479417e+09  8.08e+00 1.22e-06  1.06e+02    19s
  43   9.83507299e+09  9.78784468e+09  7.27e+00 1.24e-06  9.27e+01    19s
  44   9.83077057e+09  9.78931848e+09  6.33e+00 1.19e-06  8.14e+01    20s
  45   9.82789464e+09  9.79010038e+09  5.68e+00 1.12e-06  7.42e+01    20s
  46   9.82517964e+09  9.79093310e+09  5.08e+00 1.18e-06  6.72e+01    21s
  47   9.82266513e+09  9.79254076e+09  4.50e+00 1.15e-06  5.91e+01    21s
  48   9.82228745e+09  9.79358268e+09  4.41e+00 1.09e-06  5.63e+01    21s
  49   9.81844516e+09  9.79467246e+09  3.40e+00 1.03e-06  4.67e+01    22s
  50   9.81719278e+09  9.79576894e+09  3.10e+00 9.59e-07  4.21e+01    22s
  51   9.81407320e+09  9.79701157e+09  2.32e+00 8.96e-07  3.35e+01    23s
  52   9.81313435e+09  9.79731143e+09  2.11e+00 9.19e-07  3.11e+01    23s
  53   9.81280964e+09  9.79767426e+09  2.02e+00 8.94e-07  2.97e+01    24s
  54   9.81101116e+09  9.79856707e+09  1.55e+00 7.91e-07  2.44e+01    24s
  55   9.80987709e+09  9.79947723e+09  1.25e+00 7.61e-07  2.04e+01    24s
  56   9.80949271e+09  9.79984509e+09  1.15e+00 7.37e-07  1.89e+01    25s
  57   9.80863744e+09  9.80090446e+09  9.28e-01 6.89e-07  1.52e+01    25s
  58   9.80816225e+09  9.80175942e+09  7.99e-01 5.84e-07  1.26e+01    26s
  59   9.80748548e+09  9.80178446e+09  6.28e-01 5.94e-07  1.12e+01    26s
  60   9.80734189e+09  9.80228119e+09  5.91e-01 5.18e-07  9.93e+00    26s
  61   9.80694282e+09  9.80246001e+09  4.87e-01 5.03e-07  8.80e+00    27s
  62   9.80661623e+09  9.80298069e+09  4.02e-01 4.23e-07  7.14e+00    27s
  63   9.80625521e+09  9.80339327e+09  3.14e-01 3.78e-07  5.62e+00    28s
  64   9.80605732e+09  9.80359100e+09  2.63e-01 3.43e-07  4.84e+00    28s
  65   9.80583832e+09  9.80404701e+09  2.06e-01 2.52e-07  3.52e+00    29s
  66   9.80544744e+09  9.80430322e+09  1.05e-01 2.08e-07  2.25e+00    29s
  67   9.80542739e+09  9.80442936e+09  1.00e-01 1.91e-07  1.96e+00    29s
  68   9.80540931e+09  9.80443985e+09  9.62e-02 1.93e-07  1.90e+00    30s
  69   9.80531348e+09  9.80447191e+09  7.43e-02 1.85e-07  1.65e+00    30s
  70   9.80528352e+09  9.80455199e+09  6.75e-02 1.53e-07  1.44e+00    31s
  71   9.80525124e+09  9.80463746e+09  6.11e-02 1.49e-07  1.20e+00    31s
  72   9.80517863e+09  9.80470799e+09  4.47e-02 8.68e-08  9.24e-01    32s
  73   9.80514216e+09  9.80472678e+09  3.76e-02 7.58e-08  8.15e-01    32s
  74   9.80507142e+09  9.80482629e+09  2.40e-02 3.66e-08  4.81e-01    33s
  75   9.80501903e+09  9.80484738e+09  1.50e-02 4.21e-08  3.37e-01    33s
  76   9.80501417e+09  9.80486709e+09  1.42e-02 3.35e-08  2.89e-01    33s
  77   9.80499764e+09  9.80490062e+09  1.05e-02 8.76e-08  1.90e-01    34s
  78   9.80496535e+09  9.80491084e+09  4.92e-03 8.65e-08  1.07e-01    34s
  79   9.80495938e+09  9.80491845e+09  3.91e-03 7.31e-08  8.03e-02    35s
  80   9.80494968e+09  9.80492285e+09  2.46e-03 5.97e-08  5.27e-02    35s
  81   9.80494680e+09  9.80492496e+09  2.02e-03 5.18e-08  4.29e-02    35s
  82   9.80494208e+09  9.80492914e+09  1.31e-03 3.46e-08  2.54e-02    36s
  83   9.80493824e+09  9.80493078e+09  7.12e-04 2.56e-08  1.46e-02    36s
  84   9.80493656e+09  9.80493174e+09  4.55e-04 1.87e-08  9.47e-03    36s
  85   9.80493541e+09  9.80493231e+09  2.76e-04 1.38e-08  6.08e-03    37s
  86   9.80493523e+09  9.80493264e+09  2.50e-04 1.02e-08  5.08e-03    37s
  87   9.80493430e+09  9.80493298e+09  1.17e-04 7.66e-09  2.58e-03    37s
  88   9.80493376e+09  9.80493315e+09  4.44e-05 4.14e-09  1.20e-03    37s
  89   9.80493364e+09  9.80493324e+09  3.04e-05 2.64e-09  7.96e-04    38s
  90   9.80493350e+09  9.80493329e+09  1.40e-05 1.64e-09  4.07e-04    38s
  91   9.80493338e+09  9.80493335e+09  1.23e-06 4.70e-10  5.26e-05    38s
  92   9.80493337e+09  9.80493337e+09  5.93e-08 1.27e-10  5.33e-07    39s
  93   9.80493337e+09  9.80493337e+09  7.45e-09 2.40e-09  6.85e-11    39s

Barrier solved model in 93 iterations and 38.87 seconds (10.87 work units)
Optimal objective 9.80493337e+09

Crossover log...

   44423 DPushes remaining with DInf 1.2316284e-01                39s
       0 DPushes remaining with DInf 1.1900364e-01                39s

   42407 PPushes remaining with PInf 1.1292000e-06                40s
    3811 PPushes remaining with PInf 0.0000000e+00                40s
       0 PPushes remaining with PInf 0.0000000e+00                40s

  Push phase complete: Pinf 0.0000000e+00, Dinf 1.2150659e-01     40s

Iteration    Objective       Primal Inf.    Dual Inf.      Time
   56523    9.8049334e+09   0.000000e+00   1.215066e-01     40s

Solved with barrier
Extra simplex iterations after uncrush: 1
   56619    9.8049334e+09   0.000000e+00   0.000000e+00     42s

Solved in 56619 iterations and 42.46 seconds (12.32 work units)
Optimal objective  9.804933366e+09
