
Gurobi 10.0.0 (win64) logging started Fri Jun 16 11:11:49 2023

Set parameter LogFile to value "myopic\output\scenario_base.log"
Gurobi Optimizer version 10.0.0 build v10.0.0rc2 (win64)

CPU model: Intel(R) Core(TM) i5-6200U CPU @ 2.30GHz, instruction set [SSE2|AVX|AVX2]
Thread count: 2 physical cores, 4 logical processors, using up to 4 threads

Optimize a model with 893585 rows, 770920 columns and 2202133 nonzeros
Model fingerprint: 0x4e891dbc
Coefficient statistics:
  Matrix range     [1e-06, 6e+05]
  Objective range  [1e+00, 1e+00]
  Bounds range     [0e+00, 0e+00]
  RHS range        [3e-03, 1e+09]
Presolve removed 748343 rows and 555593 columns
Presolve time: 3.70s
Presolved: 145242 rows, 215327 columns, 556563 nonzeros

Concurrent LP optimizer: dual simplex and barrier
Showing barrier log only...

Ordering time: 0.12s

Barrier statistics:
 Dense cols : 9
 AA' NZ     : 3.675e+05
 Factor NZ  : 1.977e+06 (roughly 160 MB of memory)
 Factor Ops : 3.365e+07 (less than 1 second per iteration)
 Threads    : 1

                  Objective                Residual
Iter       Primal          Dual         Primal    Dual     Compl     Time
   0   1.02633247e+16 -1.64211408e+15  3.26e+12 0.00e+00  1.96e+12     5s
   1   9.15348603e+15 -1.51303841e+15  2.91e+12 4.31e+03  1.46e+12     5s
   2   7.92121470e+15 -1.42898800e+15  2.53e+12 1.54e+03  1.20e+12     5s
   3   1.55885113e+15 -1.36543426e+15  4.65e+11 2.70e+02  2.37e+11     6s
   4   4.53016543e+14 -1.17147678e+15  1.12e+11 7.61e+01  5.93e+10     6s
   5   3.18654089e+14 -9.59684350e+14  7.05e+10 4.56e+01  3.74e+10     7s
   6   2.86853948e+14 -8.00800834e+14  6.08e+10 2.86e+01  3.16e+10     7s
   7   1.84421333e+14 -7.52146832e+14  3.08e+10 2.54e+01  1.71e+10     7s
   8   1.03211519e+14 -3.10277051e+14  8.11e+09 5.39e+00  4.78e+09     8s
   9   2.32009571e+13 -7.79082036e+13  3.55e+08 2.13e-01  3.62e+08     8s
  10   1.63313600e+13 -4.28816371e+13  2.37e+08 8.34e-02  2.07e+08     9s
  11   9.32434374e+12 -3.25139712e+13  1.28e+08 5.43e-02  1.28e+08     9s
  12   5.01417416e+12 -1.90097282e+13  6.59e+07 2.18e-02  6.68e+07     9s
  13   3.46885495e+12 -1.38375020e+13  4.48e+07 1.17e-02  4.59e+07    10s
  14   1.18148795e+12 -6.58529082e+12  1.41e+07 2.39e-03  1.84e+07    10s
  15   4.03991965e+11 -2.51470347e+12  4.15e+06 7.31e-08  6.37e+06    11s
  16   1.81452871e+11 -1.83918666e+12  1.50e+06 3.45e-08  4.25e+06    11s
  17   1.10519915e+11 -3.71744211e+11  6.80e+05 1.97e-08  1.01e+06    11s
  18   6.61417819e+10 -1.15028940e+11  1.57e+05 7.22e-09  3.73e+05    12s
  19   5.33251402e+10 -8.11644064e+10  7.64e+01 3.99e-09  2.76e+05    12s
  20   3.80428743e+10 -4.21393538e+10  4.70e+01 2.30e-09  1.64e+05    13s
  21   1.69172359e+10 -1.99576690e+10  1.71e+01 1.12e-09  7.51e+04    13s
  22   1.15379786e+10 -2.34533574e+08  7.97e+00 1.41e-09  2.39e+04    14s
  23   7.73594573e+09  2.76091229e+09  3.14e+00 3.24e-10  1.01e+04    14s
  24   6.74506600e+09  4.22617159e+09  1.94e+00 1.38e-10  5.12e+03    14s
  25   6.04610303e+09  4.66794593e+09  1.13e+00 5.39e-11  2.80e+03    15s
  26   5.75056113e+09  4.86589847e+09  7.93e-01 6.67e-07  1.80e+03    15s
  27   5.64765016e+09  4.90796608e+09  6.73e-01 8.80e-07  1.50e+03    16s
  28   5.56996348e+09  4.94452874e+09  5.83e-01 1.05e-06  1.27e+03    16s
  29   5.51007317e+09  4.98281107e+09  5.13e-01 1.24e-06  1.07e+03    17s
  30   5.39629723e+09  5.00362612e+09  3.88e-01 1.23e-06  7.98e+02    17s
  31   5.33226475e+09  5.02260118e+09  3.23e-01 9.96e-07  6.29e+02    18s
  32   5.26371054e+09  5.03559361e+09  2.45e-01 6.22e-07  4.64e+02    18s
  33   5.21335814e+09  5.04276874e+09  1.85e-01 4.13e-07  3.47e+02    19s
  34   5.18429412e+09  5.05277295e+09  1.47e-01 1.41e-07  2.67e+02    19s
  35   5.13743171e+09  5.05771065e+09  9.25e-02 1.02e-07  1.62e+02    20s
  36   5.10566204e+09  5.06124620e+09  5.01e-02 7.34e-08  9.03e+01    20s
  37   5.09328619e+09  5.06328061e+09  3.41e-02 2.95e-08  6.10e+01    21s
  38   5.08801451e+09  5.06431855e+09  2.68e-02 1.37e-09  4.82e+01    21s
  39   5.08156436e+09  5.06509144e+09  1.80e-02 9.84e-12  3.35e+01    21s
  40   5.07601725e+09  5.06565889e+09  1.06e-02 1.33e-10  2.11e+01    22s
  41   5.07379406e+09  5.06653881e+09  7.59e-03 1.73e-09  1.48e+01    22s
  42   5.07133553e+09  5.06716342e+09  4.41e-03 2.46e-08  8.48e+00    23s
  43   5.07080605e+09  5.06723280e+09  3.72e-03 1.89e-08  7.27e+00    23s
  44   5.06995160e+09  5.06752604e+09  2.57e-03 2.79e-08  4.93e+00    24s
  45   5.06922565e+09  5.06760424e+09  1.62e-03 2.82e-08  3.30e+00    24s
  46   5.06882561e+09  5.06770174e+09  1.10e-03 2.08e-08  2.29e+00    24s
  47   5.06855987e+09  5.06782761e+09  7.74e-04 1.82e-08  1.49e+00    25s
  48   5.06836708e+09  5.06787007e+09  5.30e-04 2.21e-08  1.01e+00    25s
  49   5.06819245e+09  5.06789814e+09  3.06e-04 2.06e-08  5.99e-01    26s
  50   5.06818148e+09  5.06790173e+09  2.92e-04 2.62e-08  5.69e-01    26s
  51   5.06813608e+09  5.06791378e+09  2.35e-04 2.60e-08  4.52e-01    26s
  52   5.06808427e+09  5.06792787e+09  1.69e-04 3.39e-08  3.18e-01    27s
  53   5.06805585e+09  5.06793704e+09  1.34e-04 3.24e-08  2.42e-01    27s
  54   5.06800360e+09  5.06794238e+09  7.25e-05 3.99e-08  1.25e-01    28s
  55   5.06798430e+09  5.06794435e+09  4.75e-05 4.20e-08  8.13e-02    28s
  56   5.06797670e+09  5.06794590e+09  3.75e-05 4.89e-08  6.27e-02    28s
  57   5.06796676e+09  5.06794663e+09  2.45e-05 4.85e-08  4.10e-02    29s
  58   5.06796047e+09  5.06794697e+09  1.62e-05 4.97e-08  2.75e-02    29s
  59   5.06795705e+09  5.06794733e+09  1.17e-05 5.05e-08  1.98e-02    30s
  60   5.06795544e+09  5.06794747e+09  9.61e-06 5.11e-08  1.62e-02    30s
  61   5.06795218e+09  5.06794771e+09  5.33e-06 5.47e-08  9.12e-03    30s
  62   5.06795150e+09  5.06794783e+09  4.44e-06 5.99e-08  7.50e-03    31s
  63   5.06794912e+09  5.06794797e+09  1.36e-06 6.11e-08  2.36e-03    31s
  64   5.06794885e+09  5.06794802e+09  1.02e-06 6.43e-08  1.71e-03    31s
  65   5.06794848e+09  5.06794803e+09  1.28e-06 6.65e-08  9.28e-04    32s
  66   5.06794818e+09  5.06794806e+09  2.42e-07 6.76e-08  2.43e-04    32s
  67   5.06794810e+09  5.06794806e+09  2.64e-05 6.84e-08  8.82e-05    33s
  68   5.06794806e+09  5.06794807e+09  3.16e-06 6.87e-08  3.31e-06    33s
  69   5.06794806e+09  5.06794807e+09  1.07e-06 6.87e-08  2.94e-07    33s
  70   5.06794806e+09  5.06794795e+09  1.49e-08 1.43e-06  5.79e-08    34s
  71   5.06794806e+09  5.06794806e+09  1.63e-07 1.76e-08  1.76e-09    34s

Barrier solved model in 71 iterations and 34.46 seconds (7.09 work units)
Optimal objective 5.06794806e+09

Crossover log...

   35252 DPushes remaining with DInf 1.0018915e-01                35s
     981 DPushes remaining with DInf 9.8138483e-02                35s
       0 DPushes remaining with DInf 9.7771999e-02                35s
Warning: Markowitz tolerance tightened to 0.5

   33572 PPushes remaining with PInf 9.5678973e-05                35s
       0 PPushes remaining with PInf 0.0000000e+00                38s

  Push phase complete: Pinf 0.0000000e+00, Dinf 1.0656230e-01     38s

Iteration    Objective       Primal Inf.    Dual Inf.      Time
   46895    5.0679481e+09   0.000000e+00   1.065623e-01     38s

Solved with barrier
   47053    5.0679481e+09   0.000000e+00   0.000000e+00     41s

Solved in 47053 iterations and 40.72 seconds (9.03 work units)
Optimal objective  5.067948061e+09

Gurobi 10.0.0 (win64) logging started Fri Jun 16 11:18:53 2023

Set parameter LogFile to value "myopic\output\scenario_base.log"
Gurobi Optimizer version 10.0.0 build v10.0.0rc2 (win64)

CPU model: Intel(R) Core(TM) i5-6200U CPU @ 2.30GHz, instruction set [SSE2|AVX|AVX2]
Thread count: 2 physical cores, 4 logical processors, using up to 4 threads

Optimize a model with 893586 rows, 770920 columns and 2202134 nonzeros
Model fingerprint: 0x24b1d652
Coefficient statistics:
  Matrix range     [1e-06, 6e+05]
  Objective range  [1e+00, 1e+00]
  Bounds range     [0e+00, 0e+00]
  RHS range        [2e-03, 5e+08]
Presolve removed 744737 rows and 569506 columns
Presolve time: 2.73s
Presolved: 148849 rows, 201414 columns, 546257 nonzeros

Concurrent LP optimizer: dual simplex and barrier
Showing barrier log only...

Ordering time: 0.04s

Barrier statistics:
 Dense cols : 9
 AA' NZ     : 3.711e+05
 Factor NZ  : 2.008e+06 (roughly 160 MB of memory)
 Factor Ops : 3.397e+07 (less than 1 second per iteration)
 Threads    : 1

                  Objective                Residual
Iter       Primal          Dual         Primal    Dual     Compl     Time
   0   8.14966012e+15 -1.63946241e+15  2.61e+12 0.00e+00  1.54e+12     3s
   1   6.94044992e+15 -1.49275769e+15  2.21e+12 4.43e+03  1.11e+12     4s
   2   6.31600129e+15 -1.42982249e+15  2.02e+12 2.48e+03  1.22e+12     4s
   3   1.03588696e+15 -1.35463957e+15  3.02e+11 5.60e+02  1.96e+11     4s
   4   4.15844858e+14 -1.14206267e+15  1.02e+11 1.94e+02  6.76e+10     4s
   5   2.86934803e+14 -7.72757678e+14  6.15e+10 7.85e+01  4.03e+10     5s
   6   1.97596799e+14 -6.91235265e+14  3.51e+10 6.26e+01  2.39e+10     5s
   7   1.03123592e+14 -4.46280092e+14  9.08e+09 2.46e+01  6.89e+09     5s
   8   4.55485550e+13 -1.10810635e+14  1.60e+09 1.15e+00  1.23e+09     5s
   9   1.41232646e+13 -7.16380438e+13  3.17e+08 5.66e-01  3.50e+08     6s
  10   6.49783479e+12 -6.30003367e+13  1.52e+07 4.84e-01  2.06e+08     6s
  11   3.22413800e+12 -4.25825420e+13  6.61e+03 3.03e-01  1.16e+08     6s
  12   1.52511842e+12 -1.44505692e+13  2.54e+03 8.29e-02  3.84e+07     6s
  13   7.01179868e+11 -6.13860591e+12  1.06e+03 3.35e-02  1.57e+07     7s
  14   3.10858380e+11 -2.91693332e+12  4.36e+02 1.20e-02  7.12e+06     7s
  15   1.45819517e+11 -7.41923325e+11  1.82e+02 1.10e-03  1.93e+06     8s
  16   6.89378722e+10 -1.86002571e+11  6.71e+01 1.37e-08  5.46e+05     8s
  17   3.83111677e+10 -6.99041897e+10  2.89e+01 5.03e-09  2.30e+05     8s
  18   2.69235050e+10 -2.36219387e+10  1.96e+01 5.53e-10  1.07e+05     9s
  19   2.13473573e+10 -1.02801243e+10  1.47e+01 4.33e-10  6.70e+04     9s
  20   1.63539433e+10 -4.81210657e+09  1.04e+01 2.80e-10  4.48e+04     9s
  21   1.06265166e+10 -1.83469527e+09  5.30e+00 2.35e-10  2.64e+04    10s
  22   7.64589111e+09  1.93836629e+09  2.91e+00 1.67e-10  1.21e+04    10s
  23   6.25362169e+09  2.49412023e+09  1.93e+00 1.00e-10  7.95e+03    11s
  24   4.68546964e+09  2.70947488e+09  8.30e-01 6.30e-11  4.18e+03    11s
  25   4.02824163e+09  2.85559333e+09  3.74e-01 5.20e-11  2.48e+03    11s
  26   3.79489446e+09  3.08791429e+09  2.16e-01 2.87e-11  1.50e+03    12s
  27   3.69931772e+09  3.21832183e+09  1.57e-01 3.06e-11  1.02e+03    12s
  28   3.68103877e+09  3.25782772e+09  1.45e-01 1.25e-11  8.95e+02    12s
  29   3.65634993e+09  3.28315962e+09  1.29e-01 3.09e-12  7.89e+02    13s
  30   3.62370211e+09  3.32161165e+09  1.10e-01 1.51e-11  6.39e+02    13s
  31   3.58861124e+09  3.34419652e+09  8.75e-02 7.09e-12  5.17e+02    13s
  32   3.56052961e+09  3.36446659e+09  6.96e-02 3.48e-12  4.15e+02    14s
  33   3.53162771e+09  3.38269109e+09  5.12e-02 8.15e-12  3.15e+02    14s
  34   3.51686511e+09  3.39320294e+09  4.13e-02 2.03e-11  2.62e+02    14s
  35   3.50050196e+09  3.40096459e+09  3.09e-02 1.20e-11  2.10e+02    15s
  36   3.49725928e+09  3.40351711e+09  2.85e-02 2.29e-11  1.98e+02    15s
  37   3.48801657e+09  3.41460851e+09  2.21e-02 7.71e-12  1.55e+02    15s
  38   3.48447381e+09  3.42005830e+09  1.94e-02 8.70e-12  1.36e+02    15s
  39   3.48050769e+09  3.42147405e+09  1.67e-02 7.86e-12  1.25e+02    16s
  40   3.47627309e+09  3.43051152e+09  1.39e-02 1.32e-11  9.68e+01    16s
  41   3.47263029e+09  3.43350372e+09  1.14e-02 1.22e-11  8.27e+01    16s
  42   3.47085843e+09  3.43453694e+09  1.01e-02 1.13e-11  7.68e+01    17s
  43   3.46739614e+09  3.44103220e+09  7.65e-03 1.35e-08  5.58e+01    17s
  44   3.46618487e+09  3.44310652e+09  6.80e-03 1.63e-08  4.88e+01    17s
  45   3.46450064e+09  3.44525770e+09  5.68e-03 2.58e-08  4.07e+01    18s
  46   3.46330316e+09  3.44688667e+09  4.84e-03 3.74e-08  3.47e+01    18s
  47   3.46190972e+09  3.44818648e+09  3.88e-03 3.46e-08  2.90e+01    18s
  48   3.46104324e+09  3.44971716e+09  3.29e-03 4.11e-08  2.40e+01    19s
  49   3.46051556e+09  3.44998180e+09  2.93e-03 4.29e-08  2.23e+01    19s
  50   3.46017123e+09  3.45127206e+09  2.70e-03 4.05e-08  1.88e+01    20s
  51   3.45888759e+09  3.45227333e+09  1.78e-03 3.76e-08  1.40e+01    20s
  52   3.45794226e+09  3.45308063e+09  1.13e-03 4.02e-08  1.03e+01    21s
  53   3.45778307e+09  3.45339467e+09  1.03e-03 3.72e-08  9.28e+00    21s
  54   3.45756656e+09  3.45382360e+09  8.90e-04 3.59e-08  7.92e+00    21s
  55   3.45750858e+09  3.45406128e+09  8.47e-04 3.85e-08  7.29e+00    22s
  56   3.45741562e+09  3.45423817e+09  7.84e-04 4.24e-08  6.72e+00    22s
  57   3.45721388e+09  3.45449952e+09  6.28e-04 3.92e-08  5.74e+00    22s
  58   3.45707452e+09  3.45452885e+09  5.31e-04 3.82e-08  5.38e+00    23s
  59   3.45700852e+09  3.45469666e+09  4.84e-04 3.46e-08  4.89e+00    23s
  60   3.45697277e+09  3.45475439e+09  4.62e-04 3.23e-08  4.69e+00    23s
  61   3.45694454e+09  3.45494584e+09  4.41e-04 2.79e-08  4.23e+00    24s
  62   3.45684684e+09  3.45510428e+09  3.74e-04 2.45e-08  3.69e+00    24s
  63   3.45676383e+09  3.45516194e+09  3.16e-04 2.34e-08  3.39e+00    24s
  64   3.45675366e+09  3.45524032e+09  3.08e-04 2.19e-08  3.20e+00    25s
  65   3.45667540e+09  3.45533876e+09  2.48e-04 1.98e-08  2.83e+00    25s
  66   3.45657440e+09  3.45544740e+09  1.77e-04 1.79e-08  2.38e+00    25s
  67   3.45655516e+09  3.45546761e+09  1.64e-04 1.76e-08  2.30e+00    26s
  68   3.45650481e+09  3.45575595e+09  1.28e-04 1.26e-08  1.58e+00    26s
  69   3.45647178e+09  3.45588567e+09  1.06e-04 8.05e-09  1.24e+00    26s
  70   3.45646498e+09  3.45590284e+09  1.00e-04 6.93e-09  1.19e+00    27s
  71   3.45644292e+09  3.45598751e+09  8.52e-05 2.67e-09  9.63e-01    27s
  72   3.45642990e+09  3.45600915e+09  7.79e-05 2.90e-09  8.90e-01    27s
  73   3.45639829e+09  3.45611234e+09  5.64e-05 3.32e-09  6.05e-01    28s
  74   3.45639460e+09  3.45615297e+09  5.40e-05 3.48e-09  5.11e-01    28s
  75   3.45638038e+09  3.45621973e+09  4.46e-05 4.61e-09  3.40e-01    28s
  76   3.45635537e+09  3.45622058e+09  2.84e-05 4.61e-09  2.85e-01    29s
  77   3.45634535e+09  3.45622461e+09  2.20e-05 4.59e-09  2.55e-01    29s
  78   3.45633544e+09  3.45623632e+09  1.55e-05 4.53e-09  2.10e-01    30s
  79   3.45632350e+09  3.45625133e+09  7.53e-06 4.19e-09  1.53e-01    30s
  80   3.45632201e+09  3.45626448e+09  6.66e-06 4.59e-09  1.22e-01    30s
  81   3.45631595e+09  3.45629372e+09  2.75e-06 2.92e-09  4.70e-02    31s
  82   3.45631305e+09  3.45630219e+09  2.94e-06 2.36e-09  2.30e-02    31s
  83   3.45631228e+09  3.45630500e+09  1.68e-06 2.21e-09  1.54e-02    32s
  84   3.45631177e+09  3.45630768e+09  1.15e-06 2.46e-09  8.65e-03    32s
  85   3.45631171e+09  3.45630832e+09  8.99e-07 2.66e-09  7.17e-03    32s
  86   3.45631145e+09  3.45630935e+09  5.95e-07 3.01e-09  4.45e-03    32s
  87   3.45631127e+09  3.45630992e+09  2.90e-07 3.77e-09  2.85e-03    33s
  88   3.45631113e+09  3.45631037e+09  3.27e-07 3.84e-09  1.62e-03    33s
  89   3.45631106e+09  3.45631065e+09  1.35e-07 5.59e-09  8.71e-04    33s
  90   3.45631105e+09  3.45631077e+09  9.41e-08 5.62e-09  5.91e-04    33s
  91   3.45631102e+09  3.45631082e+09  5.86e-08 5.52e-09  4.21e-04    34s
  92   3.45631100e+09  3.45631094e+09  4.34e-08 6.32e-09  1.11e-04    34s
  93   3.45631099e+09  3.45631098e+09  1.89e-08 3.71e-09  2.16e-05    34s
  94   3.45631099e+09  3.45631098e+09  1.33e-08 1.63e-09  3.25e-06    34s
  95   3.45631098e+09  3.45631098e+09  1.75e-08 6.41e-10  5.97e-07    35s
  96   3.45631098e+09  3.45631098e+09  1.46e-08 3.88e-10  4.56e-07    35s

Barrier solved model in 96 iterations and 34.81 seconds (10.29 work units)
Optimal objective 3.45631098e+09

Crossover log...

   35156 DPushes remaining with DInf 0.0000000e+00                35s
       0 DPushes remaining with DInf 0.0000000e+00                36s
Warning: Markowitz tolerance tightened to 0.5

   65618 PPushes remaining with PInf 1.6947135e-02                36s
       0 PPushes remaining with PInf 0.0000000e+00                39s

  Push phase complete: Pinf 0.0000000e+00, Dinf 1.5944557e-01     39s

Iteration    Objective       Primal Inf.    Dual Inf.      Time
   77649    3.4563110e+09   0.000000e+00   1.594456e-01     39s

Solved with barrier
Extra simplex iterations after uncrush: 1
   79593    3.4563110e+09   0.000000e+00   0.000000e+00     43s

Solved in 79593 iterations and 43.35 seconds (14.69 work units)
Optimal objective  3.456310984e+09

Gurobi 10.0.0 (win64) logging started Fri Jun 16 11:24:11 2023

Set parameter LogFile to value "myopic\output\scenario_base.log"
Gurobi Optimizer version 10.0.0 build v10.0.0rc2 (win64)

CPU model: Intel(R) Core(TM) i5-6200U CPU @ 2.30GHz, instruction set [SSE2|AVX|AVX2]
Thread count: 2 physical cores, 4 logical processors, using up to 4 threads

Optimize a model with 893586 rows, 770920 columns and 2202134 nonzeros
Model fingerprint: 0xf21dbbb7
Coefficient statistics:
  Matrix range     [1e-06, 6e+05]
  Objective range  [1e+00, 1e+00]
  Bounds range     [0e+00, 0e+00]
  RHS range        [1e-03, 4e+08]
Presolve removed 744737 rows and 578266 columns
Presolve time: 2.57s
Presolved: 148849 rows, 192654 columns, 528737 nonzeros

Concurrent LP optimizer: dual simplex and barrier
Showing barrier log only...

Ordering time: 0.05s

Barrier statistics:
 Dense cols : 9
 AA' NZ     : 3.711e+05
 Factor NZ  : 2.008e+06 (roughly 150 MB of memory)
 Factor Ops : 3.397e+07 (less than 1 second per iteration)
 Threads    : 1

                  Objective                Residual
Iter       Primal          Dual         Primal    Dual     Compl     Time
   0   8.72533610e+15 -1.63563507e+15  3.11e+12 0.00e+00  1.60e+12     3s
   1   7.42283484e+15 -1.48233685e+15  2.64e+12 4.29e+03  1.13e+12     3s
   2   6.77566442e+15 -1.41476402e+15  2.42e+12 2.36e+03  1.25e+12     4s
   3   1.29222628e+15 -1.33167711e+15  4.22e+11 4.36e+02  2.32e+11     4s
   4   5.05367110e+14 -1.13336161e+15  1.43e+11 1.64e+02  8.01e+10     4s
   5   3.52476264e+14 -8.41751161e+14  9.02e+10 7.91e+01  5.04e+10     5s
   6   2.81460092e+14 -7.82668210e+14  6.62e+10 6.53e+01  3.74e+10     5s
   7   1.25770113e+14 -5.42789828e+14  1.57e+10 2.84e+01  1.01e+10     5s
   8   5.42758085e+13 -1.33680185e+14  1.15e+09 2.24e+00  1.02e+09     5s
   9   1.45144776e+13 -6.30861974e+13  1.54e+08 8.31e-01  2.51e+08     6s
  10   1.02048664e+13 -4.33285508e+13  8.89e+07 5.65e-01  1.59e+08     6s
  11   5.83736331e+12 -1.92893499e+13  3.93e+07 2.23e-01  6.83e+07     6s
  12   1.46710587e+12 -9.51192244e+12  7.41e+06 9.66e-02  2.60e+07     6s
  13   4.64147407e+11 -2.76720680e+12  1.71e+06 2.17e-02  7.30e+06     7s
  14   2.12632903e+11 -8.65883059e+11  5.48e+05 2.05e-03  2.40e+06     7s
  15   1.10404115e+11 -3.18322558e+11  1.22e+05 2.04e-04  9.48e+05     7s
  16   5.49878070e+10 -1.18074871e+11  1.68e+01 7.31e-10  3.81e+05     8s
  17   2.84881702e+10 -5.86882531e+10  5.95e+00 3.73e-10  1.92e+05     8s
  18   1.18317877e+10 -7.85561688e+09  1.45e+00 8.75e-11  4.32e+04     8s
  19   7.20764559e+09 -5.34324422e+08  4.98e-01 2.98e-11  1.70e+04     8s
  20   5.19907876e+09  2.59188401e+09  2.16e-01 2.46e-11  5.73e+03     9s
  21   4.42938127e+09  3.11020558e+09  8.98e-02 4.14e-11  2.90e+03     9s
  22   4.18680935e+09  3.41216189e+09  5.27e-02 7.76e-11  1.70e+03     9s
  23   4.01017735e+09  3.64152372e+09  2.68e-02 8.30e-12  8.10e+02     9s
  24   3.95207217e+09  3.71029626e+09  1.89e-02 1.06e-11  5.31e+02    10s
  25   3.93239993e+09  3.74206005e+09  1.60e-02 1.38e-11  4.18e+02    10s
  26   3.91912993e+09  3.75604504e+09  1.40e-02 9.16e-12  3.58e+02    10s
  27   3.90407723e+09  3.77148992e+09  1.18e-02 3.25e-09  2.91e+02    11s
  28   3.89138402e+09  3.78802396e+09  1.00e-02 8.62e-08  2.27e+02    11s
  29   3.86995656e+09  3.79631720e+09  7.00e-03 1.09e-07  1.62e+02    11s
  30   3.85706178e+09  3.80152160e+09  5.14e-03 9.53e-08  1.22e+02    12s
  31   3.84941752e+09  3.80626471e+09  4.05e-03 7.55e-08  9.48e+01    12s
  32   3.84332121e+09  3.81145838e+09  3.14e-03 3.35e-08  7.00e+01    12s
  33   3.83775272e+09  3.81346400e+09  2.31e-03 1.90e-08  5.33e+01    13s
  34   3.83365869e+09  3.81703422e+09  1.70e-03 3.33e-12  3.65e+01    13s
  35   3.83136661e+09  3.81834069e+09  1.37e-03 3.22e-12  2.86e+01    13s
  36   3.82935063e+09  3.81904174e+09  1.06e-03 3.01e-12  2.26e+01    14s
  37   3.82787720e+09  3.81983017e+09  8.19e-04 9.62e-12  1.77e+01    14s
  38   3.82610236e+09  3.82066083e+09  5.48e-04 3.77e-12  1.19e+01    14s
  39   3.82570873e+09  3.82116588e+09  4.89e-04 4.85e-12  9.98e+00    15s
  40   3.82510002e+09  3.82146592e+09  3.84e-04 6.91e-12  7.98e+00    15s
  41   3.82503053e+09  3.82160983e+09  3.72e-04 1.33e-11  7.51e+00    15s
  42   3.82470810e+09  3.82183202e+09  3.15e-04 2.09e-09  6.32e+00    16s
  43   3.82434304e+09  3.82195098e+09  2.51e-04 4.05e-09  5.25e+00    16s
  44   3.82409497e+09  3.82198387e+09  2.07e-04 4.48e-09  4.64e+00    16s
  45   3.82396052e+09  3.82208526e+09  1.84e-04 5.62e-09  4.12e+00    17s
  46   3.82368718e+09  3.82218661e+09  1.35e-04 6.45e-09  3.30e+00    17s
  47   3.82346319e+09  3.82244286e+09  9.43e-05 8.28e-09  2.24e+00    17s
  48   3.82338797e+09  3.82246620e+09  8.16e-05 9.12e-09  2.02e+00    18s
  49   3.82331686e+09  3.82251133e+09  6.98e-05 9.21e-09  1.77e+00    18s
  50   3.82324501e+09  3.82255917e+09  5.73e-05 9.66e-09  1.51e+00    19s
  51   3.82320752e+09  3.82264074e+09  5.09e-05 9.29e-09  1.24e+00    19s
  52   3.82313327e+09  3.82280046e+09  3.74e-05 9.50e-09  7.31e-01    20s
  53   3.82302157e+09  3.82281254e+09  1.81e-05 8.87e-09  4.59e-01    20s
  54   3.82299526e+09  3.82285555e+09  1.32e-05 8.89e-09  3.07e-01    20s
  55   3.82296007e+09  3.82287225e+09  6.65e-06 6.80e-09  1.93e-01    21s
  56   3.82295022e+09  3.82288095e+09  4.94e-06 7.12e-09  1.52e-01    21s
  57   3.82293632e+09  3.82289477e+09  4.99e-06 6.45e-09  9.12e-02    22s
  58   3.82292985e+09  3.82291100e+09  2.53e-06 3.44e-09  4.14e-02    22s
  59   3.82292673e+09  3.82291661e+09  1.29e-06 2.98e-09  2.22e-02    23s
  60   3.82292614e+09  3.82291679e+09  1.09e-06 2.89e-09  2.05e-02    23s
  61   3.82292586e+09  3.82291959e+09  1.00e-06 1.53e-09  1.38e-02    24s
  62   3.82292477e+09  3.82292108e+09  6.50e-07 3.79e-09  8.11e-03    24s
  63   3.82292342e+09  3.82292176e+09  2.14e-07 4.71e-09  3.65e-03    24s
  64   3.82292309e+09  3.82292234e+09  1.06e-07 2.77e-09  1.65e-03    25s
  65   3.82292290e+09  3.82292251e+09  9.28e-08 3.09e-09  8.45e-04    25s
  66   3.82292282e+09  3.82292267e+09  4.99e-08 2.13e-09  3.46e-04    26s
  67   3.82292278e+09  3.82292271e+09  2.16e-08 1.24e-09  1.52e-04    26s
  68   3.82292276e+09  3.82292273e+09  1.10e-08 5.24e-10  6.61e-05    27s
  69   3.82292275e+09  3.82292274e+09  2.91e-08 3.56e-10  2.57e-05    27s
  70   3.82292274e+09  3.82292274e+09  2.18e-04 1.03e-10  2.69e-06    27s
  71   3.82292274e+09  3.82292274e+09  1.23e-08 1.44e-11  7.31e-07    28s
  72   3.82292274e+09  3.82292274e+09  7.45e-09 1.42e-10  1.40e-08    28s
  73   3.82292274e+09  3.82292274e+09  2.29e-04 2.17e-10  1.95e-13    28s

Barrier solved model in 73 iterations and 28.15 seconds (7.90 work units)
Optimal objective 3.82292274e+09

Crossover log...

   35256 DPushes remaining with DInf 1.8818902e-01                28s
       0 DPushes remaining with DInf 1.7578653e-01                29s
Warning: Markowitz tolerance tightened to 0.5

   33024 PPushes remaining with PInf 5.0790259e-06                29s
   28286 PPushes remaining with PInf 0.0000000e+00                35s
   24239 PPushes remaining with PInf 0.0000000e+00                40s
   19305 PPushes remaining with PInf 0.0000000e+00                45s
   11872 PPushes remaining with PInf 0.0000000e+00                50s
    6379 PPushes remaining with PInf 0.0000000e+00                55s
    1526 PPushes remaining with PInf 0.0000000e+00                60s
       0 PPushes remaining with PInf 0.0000000e+00                62s

  Push phase complete: Pinf 0.0000000e+00, Dinf 2.1780764e-01     62s

Iteration    Objective       Primal Inf.    Dual Inf.      Time
   46447    3.8229227e+09   0.000000e+00   2.178076e-01     63s
   46873    3.8229227e+09   0.000000e+00   1.884568e-03     65s

Solved with barrier
Extra simplex iterations after uncrush: 6
   46947    3.8229227e+09   0.000000e+00   0.000000e+00     70s

Solved in 46947 iterations and 69.92 seconds (49.71 work units)
Optimal objective  3.822922739e+09

Gurobi 10.0.0 (win64) logging started Fri Jun 16 11:30:17 2023

Set parameter LogFile to value "myopic\output\scenario_base.log"
Gurobi Optimizer version 10.0.0 build v10.0.0rc2 (win64)

CPU model: Intel(R) Core(TM) i5-6200U CPU @ 2.30GHz, instruction set [SSE2|AVX|AVX2]
Thread count: 2 physical cores, 4 logical processors, using up to 4 threads

Optimize a model with 893586 rows, 770920 columns and 2202134 nonzeros
Model fingerprint: 0x937db7fa
Coefficient statistics:
  Matrix range     [1e-06, 6e+05]
  Objective range  [1e+00, 1e+00]
  Bounds range     [0e+00, 0e+00]
  RHS range        [7e-04, 3e+08]
Presolve removed 746536 rows and 580065 columns
Presolve time: 1.79s
Presolved: 147050 rows, 190855 columns, 525139 nonzeros

Concurrent LP optimizer: dual simplex and barrier
Showing barrier log only...

Ordering time: 0.07s

Barrier statistics:
 Dense cols : 9
 AA' NZ     : 3.693e+05
 Factor NZ  : 1.993e+06 (roughly 150 MB of memory)
 Factor Ops : 3.382e+07 (less than 1 second per iteration)
 Threads    : 1

                  Objective                Residual
Iter       Primal          Dual         Primal    Dual     Compl     Time
   0   6.58860936e+15 -1.63357436e+15  2.34e+12 0.00e+00  1.20e+12     2s
   1   5.94255799e+15 -1.46277152e+15  2.11e+12 4.32e+03  8.91e+11     3s
   2   4.86664677e+15 -1.35642184e+15  1.74e+12 2.04e+03  6.92e+11     3s
   3   1.06433158e+15 -1.24754920e+15  3.49e+11 3.00e+02  1.49e+11     3s
   4   3.97099958e+14 -1.05405210e+15  1.08e+11 1.11e+02  4.80e+10     3s
   5   2.86079786e+14 -8.68408006e+14  6.98e+10 7.13e+01  3.11e+10     4s
   6   2.44876756e+14 -6.88942686e+14  5.57e+10 4.06e+01  2.43e+10     4s
   7   1.43159430e+14 -4.10350667e+14  2.34e+10 1.44e+01  1.02e+10     4s
   8   5.61169412e+13 -1.45959069e+14  1.37e+09 1.68e+00  9.75e+08     4s
   9   1.57146894e+13 -3.98707843e+13  2.30e+08 2.44e-01  1.94e+08     5s
  10   9.11292936e+12 -2.22197324e+13  1.16e+08 9.27e-02  9.90e+07     5s
  11   4.39788697e+12 -1.07618775e+13  5.11e+07 1.89e-02  4.32e+07     5s
  12   1.58329618e+12 -5.63902168e+12  1.74e+07 4.99e-03  1.84e+07     5s
  13   6.45481839e+11 -3.07807352e+12  6.51e+06 3.23e-07  8.89e+06     6s
  14   3.34583355e+11 -1.55936128e+12  3.12e+06 1.89e-07  4.39e+06     6s
  15   2.01501790e+11 -8.34136987e+11  1.72e+06 7.99e-08  2.36e+06     6s
  16   1.31169046e+11 -5.02388088e+11  9.98e+05 4.24e-08  1.43e+06     7s
  17   7.78673081e+10 -2.72032468e+11  4.67e+05 2.61e-08  7.82e+05     7s
  18   4.33710618e+10 -1.26918955e+11  1.53e+05 1.28e-08  3.78e+05     7s
  19   2.52970412e+10 -5.21811738e+10  6.08e+04 3.17e-09  1.72e+05     7s
  20   1.39401094e+10 -1.57994113e+10  2.84e+00 7.93e-10  6.59e+04     8s
  21   1.08155480e+10 -5.08163885e+09  1.48e+00 3.61e-10  3.52e+04     8s
  22   8.84815417e+09 -8.39913674e+08  7.79e-01 2.38e-10  2.14e+04     8s
  23   7.36111129e+09  2.00010420e+09  3.13e-01 1.47e-10  1.19e+04     8s
  24   6.76056808e+09  4.11204163e+09  1.55e-01 6.88e-11  5.86e+03     9s
  25   6.58821721e+09  4.85338167e+09  1.13e-01 3.26e-11  3.84e+03     9s
  26   6.50645773e+09  5.19004151e+09  9.28e-02 3.11e-11  2.91e+03     9s
  27   6.43030666e+09  5.49006654e+09  7.37e-02 4.01e-11  2.08e+03    10s
  28   6.35724422e+09  5.72961802e+09  5.52e-02 3.28e-11  1.39e+03    10s
  29   6.33200610e+09  5.75455081e+09  4.85e-02 2.31e-11  1.28e+03    10s
  30   6.28808146e+09  5.83765114e+09  3.70e-02 1.91e-11  9.97e+02    11s
  31   6.27252049e+09  5.93327322e+09  3.25e-02 1.14e-11  7.51e+02    11s
  32   6.26517974e+09  5.96731853e+09  3.04e-02 2.20e-11  6.59e+02    11s
  33   6.24041169e+09  6.03095517e+09  2.23e-02 1.49e-11  4.64e+02    11s
  34   6.22797394e+09  6.08076434e+09  1.86e-02 1.89e-11  3.26e+02    12s
  35   6.21341101e+09  6.08346658e+09  1.48e-02 2.41e-11  2.88e+02    12s
  36   6.21308193e+09  6.09365817e+09  1.46e-02 1.82e-11  2.64e+02    12s
  37   6.20482309e+09  6.09649985e+09  1.26e-02 2.01e-11  2.40e+02    13s
  38   6.20402862e+09  6.11044857e+09  1.24e-02 2.15e-11  2.07e+02    13s
  39   6.19575434e+09  6.11844320e+09  1.03e-02 8.64e-12  1.71e+02    13s
  40   6.19282145e+09  6.12112970e+09  9.43e-03 3.41e-11  1.59e+02    14s
  41   6.18524210e+09  6.13214754e+09  7.25e-03 1.96e-11  1.18e+02    14s
  42   6.18388387e+09  6.13732371e+09  6.86e-03 4.74e-11  1.03e+02    14s
  43   6.17988839e+09  6.14124387e+09  5.85e-03 3.25e-08  8.55e+01    15s
  44   6.17513065e+09  6.14599254e+09  4.57e-03 4.78e-07  6.45e+01    15s
  45   6.17232833e+09  6.14794226e+09  3.69e-03 5.85e-07  5.40e+01    15s
  46   6.17028964e+09  6.15077569e+09  3.06e-03 7.03e-07  4.32e+01    16s
  47   6.16933199e+09  6.15120721e+09  2.75e-03 7.00e-07  4.01e+01    16s
  48   6.16726008e+09  6.15398777e+09  2.09e-03 5.99e-07  2.94e+01    16s
  49   6.16313143e+09  6.15713783e+09  5.91e-04 4.38e-07  1.33e+01    17s
  50   6.16190892e+09  6.16078356e+09  1.60e-04 9.77e-08  2.49e+00    17s
  51   6.16161976e+09  6.16104199e+09  7.57e-05 4.21e-08  1.28e+00    17s
  52   6.16152698e+09  6.16117943e+09  4.94e-05 2.97e-08  7.69e-01    18s
  53   6.16145865e+09  6.16125482e+09  2.98e-05 2.01e-08  4.51e-01    18s
  54   6.16143494e+09  6.16129400e+09  2.32e-05 1.35e-08  3.12e-01    18s
  55   6.16141047e+09  6.16130193e+09  2.35e-05 1.28e-08  2.40e-01    18s
  56   6.16139880e+09  6.16131834e+09  2.54e-05 1.13e-08  1.78e-01    18s
  57   6.16138509e+09  6.16132828e+09  1.44e-05 1.15e-08  1.26e-01    19s
  58   6.16137328e+09  6.16133376e+09  9.30e-06 1.18e-08  8.75e-02    19s
  59   6.16136729e+09  6.16134059e+09  4.49e-05 1.44e-08  5.91e-02    19s
  60   6.16136170e+09  6.16134494e+09  5.01e-05 3.02e-08  3.71e-02    20s
  61   6.16136070e+09  6.16134571e+09  4.66e-05 3.00e-08  3.32e-02    20s
  62   6.16135796e+09  6.16134777e+09  2.45e-05 2.83e-08  2.26e-02    20s
  63   6.16135611e+09  6.16134841e+09  1.62e-05 2.57e-08  1.70e-02    20s
  64   6.16135524e+09  6.16134885e+09  9.38e-06 2.26e-08  1.41e-02    21s
  65   6.16135306e+09  6.16134923e+09  1.15e-05 1.95e-08  8.50e-03    21s
  66   6.16135231e+09  6.16134965e+09  1.28e-05 1.45e-08  5.89e-03    21s
  67   6.16135112e+09  6.16134983e+09  9.86e-06 9.80e-09  2.86e-03    21s
  68   6.16135061e+09  6.16134994e+09  6.06e-06 6.40e-09  1.50e-03    22s
  69   6.16135036e+09  6.16134995e+09  1.31e-05 4.72e-09  8.93e-04    22s
  70   6.16135017e+09  6.16134997e+09  7.85e-06 2.48e-09  4.43e-04    22s
  71   6.16135008e+09  6.16134999e+09  3.87e-06 1.20e-09  2.05e-04    23s
  72   6.16135002e+09  6.16134999e+09  2.48e-06 7.12e-10  6.82e-05    23s
  73   6.16135001e+09  6.16135000e+09  6.93e-07 2.78e-10  2.14e-05    23s
  74   6.16135000e+09  6.16135000e+09  5.82e-06 3.77e-11  3.34e-06    23s
  75   6.16135000e+09  6.16135000e+09  1.05e-04 4.47e-11  1.27e-06    24s
  76   6.16135000e+09  6.16135000e+09  3.45e-07 2.09e-10  2.25e-07    24s
  77   6.16135000e+09  6.16135000e+09  6.10e-08 3.29e-10  1.03e-08    24s
  78   6.16135000e+09  6.16135000e+09  3.68e-05 2.70e-10  5.22e-11    24s

Barrier solved model in 78 iterations and 24.32 seconds (7.80 work units)
Optimal objective 6.16135000e+09

Crossover log...

    9529 DPushes remaining with DInf 0.0000000e+00                25s
       0 DPushes remaining with DInf 0.0000000e+00                25s

   38452 PPushes remaining with PInf 0.0000000e+00                25s
   18316 PPushes remaining with PInf 0.0000000e+00                25s
       0 PPushes remaining with PInf 0.0000000e+00                28s

  Push phase complete: Pinf 0.0000000e+00, Dinf 5.2634876e-11     28s


Solved with barrier
Extra simplex iterations after uncrush: 1
Iteration    Objective       Primal Inf.    Dual Inf.      Time
   47985    6.1613500e+09   0.000000e+00   0.000000e+00     30s

Solved in 47985 iterations and 30.14 seconds (10.72 work units)
Optimal objective  6.161349999e+09

Gurobi 10.0.0 (win64) logging started Fri Jun 16 11:35:17 2023

Set parameter LogFile to value "myopic\output\scenario_base.log"
Gurobi Optimizer version 10.0.0 build v10.0.0rc2 (win64)

CPU model: Intel(R) Core(TM) i5-6200U CPU @ 2.30GHz, instruction set [SSE2|AVX|AVX2]
Thread count: 2 physical cores, 4 logical processors, using up to 4 threads

Optimize a model with 893586 rows, 770920 columns and 2202134 nonzeros
Model fingerprint: 0x0361921b
Coefficient statistics:
  Matrix range     [1e-06, 6e+05]
  Objective range  [1e+00, 1e+00]
  Bounds range     [0e+00, 0e+00]
  RHS range        [1e+00, 2e+08]
Presolve removed 740883 rows and 603967 columns (presolve time = 8s) ...
Presolve removed 756539 rows and 607588 columns
Presolve time: 13.32s
Presolved: 137047 rows, 163332 columns, 452575 nonzeros

Concurrent LP optimizer: dual simplex and barrier
Showing barrier log only...

Ordering time: 0.10s

Barrier statistics:
 Dense cols : 8
 AA' NZ     : 3.331e+05
 Factor NZ  : 1.785e+06 (roughly 140 MB of memory)
 Factor Ops : 2.683e+07 (less than 1 second per iteration)
 Threads    : 1

                  Objective                Residual
Iter       Primal          Dual         Primal    Dual     Compl     Time
   0   3.98421836e+15 -5.37368018e+15  5.22e+07 7.28e-12  1.59e+12    14s
   1   3.58374616e+15 -4.49648625e+15  8.17e+07 1.85e+04  1.17e+12    15s
   2   3.09931329e+15 -3.75980618e+15  6.53e+07 6.50e+03  9.17e+11    15s
   3   7.13755261e+14 -3.08323641e+15  1.40e+07 9.87e+02  2.04e+11    15s
   4   2.55618959e+14 -2.08491055e+15  3.58e+06 3.31e+02  5.49e+10    16s
   5   1.38599621e+14 -1.22071715e+15  1.03e+06 1.36e+02  1.71e+10    16s
   6   7.73764529e+13 -3.67911427e+14  4.19e+04 2.13e+01  1.74e+09    16s
   7   3.70146575e+13 -6.41270294e+13  1.06e+04 3.18e+00  3.70e+08    17s
   8   8.27919118e+12 -2.97785731e+13  1.41e+03 1.18e+00  1.16e+08    17s
   9   3.03778183e+12 -1.21960856e+13  1.92e+02 4.07e-01  4.26e+07    18s
  10   1.16328123e+12 -6.56897051e+12  6.38e+01 1.98e-01  2.07e+07    18s
  11   6.19480867e+11 -3.81048417e+12  3.07e+01 1.04e-01  1.16e+07    19s
  12   4.08616473e+11 -2.45889417e+12  1.90e+01 6.37e-02  7.49e+06    19s
  13   2.46122147e+11 -1.46954577e+12  1.04e+01 3.30e-02  4.46e+06    19s
  14   1.32519589e+11 -9.32443525e+11  4.59e+00 1.68e-02  2.76e+06    20s
  15   9.96496549e+10 -3.72282921e+11  3.07e+00 5.29e-03  1.22e+06    21s
  16   8.12770309e+10 -2.92679164e+11  2.29e+00 3.88e-03  9.66e+05    21s
  17   5.85956085e+10 -1.79515734e+11  1.35e+00 2.01e-03  6.15e+05    22s
  18   5.16900731e+10 -1.39177880e+11  1.08e+00 1.45e-03  4.93e+05    22s
  19   3.94099806e+10 -6.11726011e+10  6.19e-01 4.28e-04  2.59e+05    23s
  20   3.14253680e+10 -2.41737764e+10  3.62e-01 7.41e-05  1.43e+05    23s
  21   2.80424569e+10 -2.99022649e+09  2.58e-01 2.77e-09  8.00e+04    24s
  22   2.62537957e+10  7.48721049e+09  1.86e-01 1.59e-09  4.84e+04    24s
  23   2.40033579e+10  1.03001748e+10  9.63e-02 1.40e-09  3.53e+04    25s
  24   2.33588296e+10  1.26789725e+10  7.41e-02 1.01e-09  2.75e+04    25s
  25   2.30643385e+10  1.42929785e+10  6.34e-02 8.93e-10  2.26e+04    25s
  26   2.27233320e+10  1.64887180e+10  5.12e-02 5.86e-10  1.61e+04    26s
  27   2.22139516e+10  1.79522688e+10  3.26e-02 4.25e-10  1.10e+04    26s
  28   2.18711188e+10  1.88435596e+10  2.06e-02 3.06e-10  7.81e+03    27s
  29   2.18361705e+10  1.92101700e+10  1.97e-02 2.59e-10  6.77e+03    27s
  30   2.16705427e+10  2.02953337e+10  1.45e-02 1.16e-10  3.55e+03    28s
  31   2.14123985e+10  2.08173567e+10  6.36e-03 6.18e-11  1.53e+03    28s
  32   2.13068581e+10  2.10198247e+10  3.29e-03 4.25e-06  7.40e+02    28s
  33   2.12662812e+10  2.10913596e+10  2.17e-03 5.00e-06  4.51e+02    29s
  34   2.12466182e+10  2.11080928e+10  1.58e-03 4.82e-06  3.57e+02    29s
  35   2.12292974e+10  2.11430182e+10  1.06e-03 4.08e-06  2.22e+02    29s
  36   2.12185555e+10  2.11650908e+10  7.38e-04 3.25e-06  1.38e+02    29s
  37   2.12146093e+10  2.11727762e+10  6.24e-04 2.67e-06  1.08e+02    30s
  38   2.12087270e+10  2.11800839e+10  4.54e-04 2.10e-06  7.38e+01    30s
  39   2.12034184e+10  2.11855566e+10  2.98e-04 1.47e-06  4.60e+01    30s
  40   2.11981785e+10  2.11887103e+10  1.54e-04 1.01e-06  2.44e+01    30s
  41   2.11968675e+10  2.11906975e+10  1.14e-04 6.95e-07  1.59e+01    31s
  42   2.11955931e+10  2.11915395e+10  7.50e-05 5.41e-07  1.05e+01    31s
  43   2.11946878e+10  2.11919537e+10  4.78e-05 4.58e-07  7.05e+00    31s
  44   2.11942274e+10  2.11924676e+10  3.39e-05 3.35e-07  4.54e+00    31s
  45   2.11937582e+10  2.11926775e+10  1.98e-05 4.21e-07  2.79e+00    31s
  46   2.11935475e+10  2.11928393e+10  2.01e-05 5.30e-07  1.83e+00    32s
  47   2.11934311e+10  2.11929264e+10  3.99e-05 5.57e-07  1.30e+00    32s
  48   2.11932859e+10  2.11929749e+10  7.99e-05 5.15e-07  8.02e-01    32s
  49   2.11932176e+10  2.11930205e+10  9.12e-05 4.09e-07  5.08e-01    32s
  50   2.11931725e+10  2.11930456e+10  5.86e-05 2.30e-07  3.27e-01    32s
  51   2.11931394e+10  2.11930647e+10  2.50e-05 1.81e-07  1.92e-01    33s
  52   2.11931186e+10  2.11930713e+10  1.59e-05 1.36e-07  1.22e-01    33s
  53   2.11930991e+10  2.11930747e+10  7.49e-06 1.33e-07  6.29e-02    33s
  54   2.11930926e+10  2.11930789e+10  4.64e-06 1.31e-07  3.54e-02    33s
  55   2.11930874e+10  2.11930801e+10  2.41e-06 1.30e-07  1.89e-02    34s
  56   2.11930859e+10  2.11930811e+10  1.68e-06 1.30e-07  1.22e-02    34s
  57   2.11930836e+10  2.11930815e+10  7.07e-07 1.30e-07  5.55e-03    34s
  58   2.11930829e+10  2.11930819e+10  3.61e-07 1.29e-07  2.69e-03    35s
  59   2.11930824e+10  2.11930820e+10  9.24e-08 1.29e-07  7.99e-04    35s
  60   2.11930823e+10  2.11930821e+10  5.22e-08 1.29e-07  3.88e-04    35s
  61   2.11930822e+10  2.11930821e+10  1.28e-08 1.29e-07  1.08e-04    35s
  62   2.11930822e+10  2.11930821e+10  7.45e-09 1.29e-07  4.29e-06    36s
  63   2.11930822e+10  2.11930821e+10  7.45e-09 1.29e-07  4.67e-08    36s
  64   2.11930822e+10  2.11930821e+10  7.45e-09 1.29e-07  6.49e-11    36s

Barrier solved model in 64 iterations and 36.44 seconds (8.36 work units)
Optimal objective 2.11930822e+10

Crossover log...

    1526 DPushes remaining with DInf 0.0000000e+00                37s
       0 DPushes remaining with DInf 0.0000000e+00                37s

   30929 PPushes remaining with PInf 0.0000000e+00                37s
    8274 PPushes remaining with PInf 0.0000000e+00                40s
       0 PPushes remaining with PInf 0.0000000e+00                41s

  Push phase complete: Pinf 0.0000000e+00, Dinf 8.9474626e-03     41s

Iteration    Objective       Primal Inf.    Dual Inf.      Time
   32455    2.1193082e+10   0.000000e+00   8.947462e-03     42s

Solved with barrier
   32458    2.1193082e+10   0.000000e+00   0.000000e+00     43s

Solved in 32458 iterations and 43.28 seconds (11.93 work units)
Optimal objective  2.119308215e+10

Gurobi 10.0.0 (win64) logging started Fri Jun 16 11:40:34 2023

Set parameter LogFile to value "myopic\output\scenario_base.log"
Gurobi Optimizer version 10.0.0 build v10.0.0rc2 (win64)

CPU model: Intel(R) Core(TM) i5-6200U CPU @ 2.30GHz, instruction set [SSE2|AVX|AVX2]
Thread count: 2 physical cores, 4 logical processors, using up to 4 threads

Optimize a model with 893586 rows, 770920 columns and 2202134 nonzeros
Model fingerprint: 0x93d862d0
Coefficient statistics:
  Matrix range     [1e-06, 6e+05]
  Objective range  [1e+00, 1e+00]
  Bounds range     [0e+00, 0e+00]
  RHS range        [1e+00, 2e+08]
Presolve removed 745045 rows and 608129 columns (presolve time = 5s) ...
Presolve removed 757080 rows and 608129 columns
Presolve time: 8.05s
Presolved: 136506 rows, 162791 columns, 451493 nonzeros

Concurrent LP optimizer: dual simplex and barrier
Showing barrier log only...

Ordering time: 0.06s

Barrier statistics:
 Dense cols : 8
 AA' NZ     : 3.325e+05
 Factor NZ  : 1.781e+06 (roughly 140 MB of memory)
 Factor Ops : 2.685e+07 (less than 1 second per iteration)
 Threads    : 1

                  Objective                Residual
Iter       Primal          Dual         Primal    Dual     Compl     Time
   0   3.72235395e+15 -5.36621869e+15  4.78e+07 7.28e-12  1.45e+12     9s
   1   3.33792478e+15 -4.55412012e+15  7.65e+07 1.91e+04  1.09e+12     9s
   2   2.99208150e+15 -3.78974918e+15  5.94e+07 7.66e+03  8.91e+11     9s
   3   8.18285912e+14 -3.12131658e+15  1.57e+07 1.60e+03  2.41e+11     9s
   4   2.24551003e+14 -2.35451208e+15  2.73e+06 5.18e+02  4.75e+10    10s
   5   1.35374729e+14 -1.53532438e+15  8.92e+05 2.50e+02  1.74e+10    10s
   6   7.93262379e+13 -3.03387169e+14  4.50e+04 2.41e+01  1.64e+09    10s
   7   2.25957638e+13 -7.71318797e+13  8.61e+03 5.25e+00  3.69e+08    10s
   8   5.69291432e+12 -3.57750519e+13  1.03e+03 2.04e+00  1.26e+08    10s
   9   2.13378614e+12 -1.44029530e+13  1.09e+02 7.42e-01  4.64e+07    11s
  10   8.76838454e+11 -7.23932863e+12  3.15e+01 3.55e-01  2.18e+07    11s
  11   7.22411094e+11 -3.60200811e+12  2.44e+01 1.49e-01  1.15e+07    11s
  12   5.84824870e+11 -2.94313182e+12  1.91e+01 1.14e-01  9.35e+06    11s
  13   2.39956047e+11 -9.40919224e+11  6.39e+00 3.03e-02  3.08e+06    12s
  14   1.45638696e+11 -3.86257835e+11  3.43e+00 1.15e-02  1.38e+06    12s
  15   8.74248751e+10 -2.18421372e+11  1.70e+00 6.13e-03  7.93e+05    12s
  16   7.32584955e+10 -1.68311189e+11  1.30e+00 4.63e-03  6.26e+05    12s
  17   6.14956197e+10 -1.05856933e+11  9.77e-01 2.83e-03  4.33e+05    13s
  18   5.07233384e+10 -8.11284884e+10  6.85e-01 2.17e-03  3.41e+05    13s
  19   4.45449433e+10 -5.29316894e+10  5.20e-01 1.47e-03  2.52e+05    13s
  20   3.76978899e+10 -1.95212974e+10  3.50e-01 6.72e-04  1.48e+05    13s
  21   3.54900205e+10 -5.12744156e+09  2.96e-01 3.89e-04  1.05e+05    14s
  22   3.23463926e+10  7.39859677e+09  1.99e-01 1.89e-04  6.45e+04    14s
  23   2.92359129e+10  1.56353508e+10  9.19e-02 8.69e-05  3.52e+04    14s
  24   2.85607613e+10  1.70887405e+10  7.46e-02 7.45e-05  2.97e+04    15s
  25   2.81782239e+10  1.80150623e+10  6.36e-02 6.66e-05  2.63e+04    15s
  26   2.77637663e+10  1.98566009e+10  5.15e-02 5.09e-05  2.05e+04    15s
  27   2.74696427e+10  2.10220304e+10  4.26e-02 4.15e-05  1.67e+04    15s
  28   2.71437688e+10  2.21437622e+10  3.24e-02 3.16e-05  1.29e+04    15s
  29   2.67520635e+10  2.44731584e+10  2.03e-02 9.33e-06  5.89e+03    16s
  30   2.64532380e+10  2.49283850e+10  1.23e-02 4.59e-06  3.94e+03    16s
  31   2.62968803e+10  2.54623432e+10  7.99e-03 1.14e-10  2.16e+03    16s
  32   2.62512936e+10  2.55477558e+10  6.77e-03 9.19e-11  1.82e+03    17s
  33   2.61780864e+10  2.57512306e+10  4.80e-03 4.37e-11  1.10e+03    17s
  34   2.61407761e+10  2.58478265e+10  3.81e-03 2.73e-06  7.57e+02    17s
  35   2.60898337e+10  2.59004400e+10  2.45e-03 3.69e-06  4.90e+02    17s
  36   2.60565931e+10  2.59316199e+10  1.56e-03 3.56e-06  3.23e+02    17s
  37   2.60397927e+10  2.59566356e+10  1.12e-03 2.84e-06  2.15e+02    18s
  38   2.60285954e+10  2.59740095e+10  8.14e-04 2.20e-06  1.41e+02    18s
  39   2.60211215e+10  2.59774828e+10  6.17e-04 2.04e-06  1.13e+02    18s
  40   2.60171906e+10  2.59801212e+10  5.08e-04 1.90e-06  9.58e+01    18s
  41   2.60133031e+10  2.59878311e+10  4.05e-04 1.37e-06  6.59e+01    18s
  42   2.60116194e+10  2.59917142e+10  3.66e-04 1.19e-06  5.15e+01    19s
  43   2.60063780e+10  2.59947671e+10  2.35e-04 9.14e-07  3.00e+01    19s
  44   2.60016619e+10  2.59965046e+10  1.05e-04 5.65e-07  1.33e+01    19s
  45   2.59995475e+10  2.59970243e+10  6.00e-05 4.18e-07  6.52e+00    20s
  46   2.59990146e+10  2.59973983e+10  4.78e-05 6.04e-07  4.18e+00    20s
  47   2.59986416e+10  2.59976127e+10  3.92e-05 7.56e-07  2.66e+00    20s
  48   2.59984846e+10  2.59977283e+10  3.03e-05 7.72e-07  1.96e+00    21s
  49   2.59983527e+10  2.59978228e+10  2.71e-05 7.29e-07  1.37e+00    21s
  50   2.59982111e+10  2.59978757e+10  1.98e-05 6.39e-07  8.67e-01    21s
  51   2.59981037e+10  2.59978898e+10  9.99e-06 5.71e-07  5.53e-01    21s
  52   2.59980544e+10  2.59979098e+10  1.15e-05 3.82e-07  3.74e-01    22s
  53   2.59980082e+10  2.59979182e+10  1.35e-05 3.02e-07  2.32e-01    22s
  54   2.59979817e+10  2.59979260e+10  1.26e-05 2.05e-07  1.44e-01    22s
  55   2.59979574e+10  2.59979301e+10  1.43e-05 1.44e-07  7.05e-02    22s
  56   2.59979476e+10  2.59979338e+10  7.33e-06 6.01e-08  3.57e-02    23s
  57   2.59979429e+10  2.59979356e+10  3.96e-06 3.41e-08  1.89e-02    23s
  58   2.59979404e+10  2.59979361e+10  2.29e-06 3.37e-08  1.12e-02    24s
  59   2.59979399e+10  2.59979364e+10  1.96e-06 3.34e-08  9.13e-03    24s
  60   2.59979380e+10  2.59979366e+10  6.79e-07 3.32e-08  3.53e-03    24s
  61   2.59979372e+10  2.59979369e+10  1.50e-07 3.31e-08  7.92e-04    25s
  62   2.59979370e+10  2.59979369e+10  6.27e-08 3.30e-08  2.22e-04    25s
  63   2.59979370e+10  2.59979370e+10  3.67e-08 3.30e-08  1.09e-04    25s
  64   2.59979370e+10  2.59979370e+10  1.34e-08 3.30e-08  2.98e-05    25s
  65   2.59979370e+10  2.59979370e+10  9.31e-10 3.30e-08  1.12e-06    26s
  66   2.59979370e+10  2.59979370e+10  7.45e-09 3.30e-08  2.21e-09    26s

Barrier solved model in 66 iterations and 26.01 seconds (8.28 work units)
Optimal objective 2.59979370e+10

Crossover log...

    6292 DPushes remaining with DInf 0.0000000e+00                26s
       0 DPushes remaining with DInf 0.0000000e+00                27s

   42119 PPushes remaining with PInf 0.0000000e+00                27s
   16848 PPushes remaining with PInf 0.0000000e+00                30s
       0 PPushes remaining with PInf 0.0000000e+00                33s

  Push phase complete: Pinf 0.0000000e+00, Dinf 1.3109141e-02     33s

Iteration    Objective       Primal Inf.    Dual Inf.      Time
   47402    2.5997937e+10   0.000000e+00   1.310914e-02     33s

Solved with barrier
   47561    2.5997937e+10   0.000000e+00   0.000000e+00     35s

Solved in 47561 iterations and 34.68 seconds (13.91 work units)
Optimal objective  2.599793696e+10

Gurobi 10.0.0 (win64) logging started Fri Jun 16 11:46:06 2023

Set parameter LogFile to value "myopic\output\scenario_base.log"
Gurobi Optimizer version 10.0.0 build v10.0.0rc2 (win64)

CPU model: Intel(R) Core(TM) i5-6200U CPU @ 2.30GHz, instruction set [SSE2|AVX|AVX2]
Thread count: 2 physical cores, 4 logical processors, using up to 4 threads

Optimize a model with 893586 rows, 770920 columns and 2202134 nonzeros
Model fingerprint: 0xcbbf6f8a
Coefficient statistics:
  Matrix range     [1e-06, 6e+05]
  Objective range  [1e+00, 1e+00]
  Bounds range     [0e+00, 0e+00]
  RHS range        [1e+00, 2e+08]
Presolve removed 757447 rows and 608496 columns
Presolve time: 6.35s
Presolved: 136139 rows, 162424 columns, 450759 nonzeros

Concurrent LP optimizer: dual simplex and barrier
Showing barrier log only...

Ordering time: 0.11s

Barrier statistics:
 Dense cols : 8
 AA' NZ     : 3.322e+05
 Factor NZ  : 1.778e+06 (roughly 130 MB of memory)
 Factor Ops : 2.686e+07 (less than 1 second per iteration)
 Threads    : 1

                  Objective                Residual
Iter       Primal          Dual         Primal    Dual     Compl     Time
   0   3.99650367e+15 -5.36980126e+15  5.19e+07 0.00e+00  1.57e+12     7s
   1   3.57387626e+15 -4.57369147e+15  8.25e+07 1.90e+04  1.17e+12     7s
   2   3.22205218e+15 -3.82070791e+15  6.38e+07 7.44e+03  9.67e+11     8s
   3   7.90737387e+14 -3.16556988e+15  1.64e+07 1.42e+03  2.33e+11     8s
   4   2.30787518e+14 -2.28152850e+15  3.14e+06 4.78e+02  4.92e+10     8s
   5   1.36601466e+14 -1.53056391e+15  1.01e+06 2.40e+02  1.80e+10     8s
   6   8.12198892e+13 -3.37681085e+14  5.44e+04 2.78e+01  1.84e+09     8s
   7   3.27698792e+13 -8.73996156e+13  1.04e+04 6.61e+00  4.42e+08     9s
   8   7.05720301e+12 -3.58627962e+13  7.73e+02 2.39e+00  1.31e+08     9s
   9   2.54699543e+12 -1.43908600e+13  7.56e+01 8.73e-01  4.81e+07     9s
  10   1.38324453e+12 -5.52510272e+12  3.15e+01 3.06e-01  1.89e+07     9s
  11   1.20461187e+12 -2.65711074e+12  2.65e+01 1.21e-01  1.04e+07    10s
  12   4.99125688e+11 -1.97231073e+12  9.59e+00 8.64e-02  6.54e+06    10s
  13   2.52229162e+11 -1.02311711e+12  4.24e+00 3.79e-02  3.34e+06    10s
  14   1.52036797e+11 -5.74088484e+11  2.27e+00 1.78e-02  1.89e+06    11s
  15   1.10151264e+11 -3.33536112e+11  1.46e+00 9.08e-03  1.15e+06    11s
  16   9.06487156e+10 -2.88887095e+11  1.10e+00 7.63e-03  9.87e+05    11s
  17   7.83414346e+10 -1.94582454e+11  8.67e-01 4.70e-03  7.09e+05    11s
  18   6.70062465e+10 -1.61722992e+11  6.65e-01 3.74e-03  5.94e+05    12s
  19   5.65248520e+10 -8.85599866e+10  4.87e-01 1.80e-03  3.77e+05    12s
  20   5.07821801e+10 -5.50585612e+10  3.92e-01 1.01e-03  2.75e+05    13s
  21   4.60036932e+10 -2.55331903e+10  3.06e-01 4.17e-04  1.86e+05    13s
  22   4.05184004e+10 -1.40453348e+10  2.08e-01 2.56e-04  1.42e+05    13s
  23   3.84272072e+10  5.48459596e+09  1.62e-01 4.66e-05  8.54e+04    13s
  24   3.76800982e+10  1.12760954e+10  1.45e-01 9.45e-06  6.85e+04    14s
  25   3.48924501e+10  1.81879741e+10  8.02e-02 5.53e-10  4.33e+04    14s
  26   3.39117733e+10  2.12977832e+10  5.75e-02 6.58e-10  3.27e+04    15s
  27   3.36280375e+10  2.24664248e+10  5.15e-02 4.95e-10  2.89e+04    15s
  28   3.33178593e+10  2.32703784e+10  4.45e-02 4.47e-10  2.61e+04    15s
  29   3.29019208e+10  2.53695988e+10  3.49e-02 3.42e-10  1.95e+04    16s
  30   3.25489070e+10  2.74264144e+10  2.68e-02 1.86e-10  1.33e+04    16s
  31   3.24287139e+10  2.80001028e+10  2.45e-02 2.24e-10  1.15e+04    16s
  32   3.22984128e+10  2.86389574e+10  2.20e-02 1.16e-10  9.49e+03    17s
  33   3.21698048e+10  2.88630927e+10  1.96e-02 1.98e-10  8.57e+03    17s
  34   3.20670154e+10  2.90754730e+10  1.76e-02 2.46e-10  7.76e+03    18s
  35   3.19461822e+10  2.93177707e+10  1.52e-02 1.06e-10  6.81e+03    18s
  36   3.18140871e+10  2.95877229e+10  1.26e-02 8.73e-11  5.77e+03    18s
  37   3.17368324e+10  2.99903955e+10  1.09e-02 7.09e-11  4.53e+03    19s
  38   3.16620987e+10  3.01417472e+10  9.31e-03 5.09e-11  3.94e+03    19s
  39   3.16342178e+10  3.02751085e+10  8.73e-03 6.55e-11  3.52e+03    20s
  40   3.15664999e+10  3.05395174e+10  7.37e-03 2.36e-11  2.66e+03    20s
  41   3.14825118e+10  3.06199731e+10  5.26e-03 1.49e-11  2.24e+03    21s
  42   3.14444284e+10  3.08357433e+10  4.46e-03 6.00e-11  1.58e+03    21s
  43   3.13531796e+10  3.10541646e+10  2.45e-03 1.10e-06  7.75e+02    21s
  44   3.13033937e+10  3.11542637e+10  1.30e-03 3.63e-06  3.86e+02    22s
  45   3.12972551e+10  3.11670149e+10  1.15e-03 3.58e-06  3.38e+02    22s
  46   3.12795196e+10  3.11961075e+10  7.44e-04 3.37e-06  2.16e+02    22s
  47   3.12688840e+10  3.12174105e+10  5.03e-04 2.78e-06  1.33e+02    22s
  48   3.12639738e+10  3.12270274e+10  3.93e-04 2.22e-06  9.57e+01    23s
  49   3.12599459e+10  3.12318836e+10  3.01e-04 1.81e-06  7.27e+01    23s
  50   3.12567485e+10  3.12371248e+10  2.28e-04 1.41e-06  5.08e+01    23s
  51   3.12526812e+10  3.12414141e+10  1.38e-04 1.03e-06  2.92e+01    23s
  52   3.12502398e+10  3.12433362e+10  8.38e-05 7.89e-07  1.79e+01    24s
  53   3.12488507e+10  3.12447110e+10  5.25e-05 5.51e-07  1.07e+01    24s
  54   3.12482509e+10  3.12452786e+10  3.79e-05 4.25e-07  7.70e+00    24s
  55   3.12477376e+10  3.12458044e+10  2.65e-05 4.22e-07  5.01e+00    24s
  56   3.12475311e+10  3.12460863e+10  2.05e-05 5.28e-07  3.74e+00    25s
  57   3.12471647e+10  3.12463575e+10  1.93e-05 7.43e-07  2.09e+00    25s
  58   3.12468792e+10  3.12465121e+10  2.91e-05 7.55e-07  9.51e-01    25s
  59   3.12468190e+10  3.12465905e+10  2.19e-05 3.87e-07  5.92e-01    25s
  60   3.12467805e+10  3.12466261e+10  1.41e-05 2.04e-07  4.00e-01    26s
  61   3.12467384e+10  3.12466442e+10  1.14e-05 1.25e-07  2.44e-01    26s
  62   3.12467192e+10  3.12466593e+10  8.75e-06 6.14e-08  1.55e-01    26s
  63   3.12466985e+10  3.12466657e+10  4.92e-06 4.98e-08  8.49e-02    26s
  64   3.12466887e+10  3.12466710e+10  2.17e-06 5.05e-08  4.60e-02    27s
  65   3.12466841e+10  3.12466726e+10  1.38e-06 5.11e-08  2.99e-02    27s
  66   3.12466817e+10  3.12466744e+10  9.60e-07 5.20e-08  1.89e-02    27s
  67   3.12466802e+10  3.12466753e+10  6.89e-07 5.25e-08  1.26e-02    27s
  68   3.12466782e+10  3.12466758e+10  3.39e-07 5.27e-08  6.08e-03    28s
  69   3.12466771e+10  3.12466760e+10  6.19e-07 5.28e-08  2.93e-03    28s
  70   3.12466766e+10  3.12466761e+10  2.43e-07 5.29e-08  1.24e-03    28s
  71   3.12466764e+10  3.12466762e+10  4.85e-08 5.29e-08  4.47e-04    28s
  72   3.12466763e+10  3.12466763e+10  3.26e-08 5.29e-08  1.26e-04    29s
  73   3.12466763e+10  3.12466763e+10  7.57e-09 5.29e-08  4.88e-05    29s
  74   3.12466763e+10  3.12466763e+10  1.40e-09 5.29e-08  1.59e-06    29s
  75   3.12466763e+10  3.12466763e+10  4.21e-09 5.29e-08  2.53e-09    30s

Barrier solved model in 75 iterations and 29.56 seconds (9.02 work units)
Optimal objective 3.12466763e+10

Crossover log...

  129985 variables added to crossover basis                       30s

    6041 DPushes remaining with DInf 0.0000000e+00                30s
       0 DPushes remaining with DInf 0.0000000e+00                30s

   43504 PPushes remaining with PInf 2.9317310e-05                31s
   13749 PPushes remaining with PInf 0.0000000e+00                35s
       0 PPushes remaining with PInf 0.0000000e+00                37s

  Push phase complete: Pinf 0.0000000e+00, Dinf 8.3167066e-03     37s

Iteration    Objective       Primal Inf.    Dual Inf.      Time
   48758    3.1246676e+10   0.000000e+00   8.316707e-03     37s

Solved with barrier
   48859    3.1246676e+10   0.000000e+00   0.000000e+00     39s

Solved in 48859 iterations and 38.59 seconds (13.29 work units)
Optimal objective  3.124667628e+10
